[2020-08-27 22:48:22.356] Starting up round ID .
 - -------------------------
[2020-08-27 22:51:31.351] ATTACK: Centaur fired at giant radscorpion with The spit from Bunker (NEWHP: 150) (49,243,4)
[2020-08-27 22:51:31.354] ATTACK: mother deathclaw attacked molerat (NEWHP: 25) (18,119,3)
[2020-08-27 22:51:31.371] ATTACK: super mutant fired at feral ghoul reaver with The bullet from Wasteland (NEWHP: 100) (155,222,2)
[2020-08-27 22:51:31.374] ATTACK: protectron fired at feral ghoul with The laser beam from Bunker (NEWHP: 40) (138,238,2)
[2020-08-27 22:51:31.376] ATTACK: protectron fired at feral ghoul with The laser beam from Bunker (NEWHP: 40) (138,238,2)
[2020-08-27 22:51:31.448] ATTACK: Centaur shot super mutant with The spit (NEWHP: 270) (51,247,4)
[2020-08-27 22:51:31.652] ATTACK: super mutant shot feral ghoul reaver with The bullet (NEWHP: 54) (154,223,2)
[2020-08-27 22:51:33.350] ATTACK: super mutant attacked giant radscorpion (NEWHP: 150) (50,244,4)
[2020-08-27 22:51:33.356] ATTACK: deathclaw attacked molerat (NEWHP: 25) (27,121,3)
[2020-08-27 22:51:33.366] ATTACK: feral dog attacked gecko (NEWHP: 40) (217,168,2)
[2020-08-27 22:51:33.369] ATTACK: gecko attacked feral dog (NEWHP: 60) (218,167,2)
[2020-08-27 22:51:33.371] ATTACK: feral ghoul attacked mr. handy (NEWHP: 160) (85,199,2)
[2020-08-27 22:51:33.374] ATTACK: feral ghoul attacked mr. handy (NEWHP: 150) (85,199,2)
[2020-08-27 22:51:33.377] ATTACK: mr. handy attacked feral ghoul (NEWHP: 40) (86,199,2)
[2020-08-27 22:51:33.378] ATTACK: feral ghoul reaver attacked super mutant (NEWHP: 400) (154,229,2)
[2020-08-27 22:51:33.379] ATTACK: super mutant attacked feral ghoul reaver (NEWHP: 54) (153,228,2)
[2020-08-27 22:51:33.380] ATTACK: protectron attacked feral ghoul (NEWHP: 40) (136,236,2)
[2020-08-27 22:51:33.382] ATTACK: feral ghoul attacked protectron (NEWHP: 160) (135,236,2)
[2020-08-27 22:51:33.385] ATTACK: feral ghoul attacked protectron (NEWHP: 150) (135,236,2)
[2020-08-27 22:51:35.400] ATTACK: giant radscorpion attacked super mutant (NEWHP: 300) (51,245,4)
[2020-08-27 22:51:35.401] ATTACK: super mutant attacked giant radscorpion (NEWHP: 96) (50,244,4)
[2020-08-27 22:51:35.403] ATTACK: Centaur fired at giant radscorpion with The spit from Bunker (NEWHP: 41) (50,244,4)
[2020-08-27 22:51:35.408] ATTACK: feral ghoul reaver attacked feral dog (NEWHP: 60) (183,117,2)
[2020-08-27 22:51:35.411] ATTACK: feral dog attacked feral ghoul reaver (NEWHP: 100) (182,117,2)
[2020-08-27 22:51:35.414] ATTACK: feral dog attacked gecko (NEWHP: 20) (217,168,2)
[2020-08-27 22:51:35.418] ATTACK: feral ghoul attacked mr. handy (NEWHP: 140) (85,199,2)
[2020-08-27 22:51:35.420] ATTACK: feral ghoul attacked mr. handy (NEWHP: 130) (85,199,2)
[2020-08-27 22:51:35.422] ATTACK: mr. handy attacked feral ghoul (NEWHP: 40) (84,199,2)
[2020-08-27 22:51:35.425] ATTACK: protectron attacked feral ghoul (NEWHP: 35) (136,236,2)
[2020-08-27 22:51:35.426] ATTACK: feral ghoul attacked protectron (NEWHP: 140) (135,235,2)
[2020-08-27 22:51:35.428] ATTACK: feral ghoul attacked protectron (NEWHP: 130) (135,235,2)
[2020-08-27 22:51:35.696] ATTACK: Centaur shot super mutant with The spit (NEWHP: 240) (50,245,4)
[2020-08-27 22:51:37.416] ATTACK: giant radscorpion attacked super mutant (NEWHP: 265) (51,245,4)
[2020-08-27 22:51:37.418] ATTACK: super mutant attacked giant radscorpion (NEWHP: 41) (50,244,4)
[2020-08-27 22:51:37.427] ATTACK: feral ghoul reaver attacked feral dog (NEWHP: 45) (183,117,2)
[2020-08-27 22:51:37.429] ATTACK: feral dog attacked feral ghoul reaver (NEWHP: 80) (182,117,2)
[2020-08-27 22:51:37.435] ATTACK: feral ghoul attacked mr. handy (NEWHP: 120) (85,199,2)
[2020-08-27 22:51:37.435] ATTACK: feral ghoul attacked mr. handy (NEWHP: 110) (85,199,2)
[2020-08-27 22:51:37.436] ATTACK: mr. handy attacked feral ghoul (NEWHP: 12) (84,199,2)
[2020-08-27 22:51:37.439] ATTACK: protectron attacked feral ghoul (NEWHP: 28) (136,236,2)
[2020-08-27 22:51:37.441] ATTACK: feral ghoul attacked protectron (NEWHP: 120) (135,235,2)
[2020-08-27 22:51:37.444] ATTACK: feral ghoul attacked protectron (NEWHP: 110) (135,235,2)
[2020-08-27 22:51:39.423] ATTACK: feral ghoul reaver attacked feral dog (NEWHP: 30) (183,117,2)
[2020-08-27 22:51:39.429] ATTACK: feral dog attacked feral ghoul reaver (NEWHP: 60) (182,117,2)
[2020-08-27 22:51:39.432] ATTACK: feral ghoul attacked mr. handy (NEWHP: 100) (85,199,2)
[2020-08-27 22:51:39.434] ATTACK: protectron attacked feral ghoul (NEWHP: 40) (135,236,2)
[2020-08-27 22:51:39.435] ATTACK: feral ghoul attacked protectron (NEWHP: 100) (135,235,2)
[2020-08-27 22:51:39.437] ATTACK: feral ghoul attacked protectron (NEWHP: 90) (135,235,2)
[2020-08-27 22:51:41.421] ATTACK: feral ghoul reaver attacked feral dog (NEWHP: 15) (183,117,2)
[2020-08-27 22:51:41.423] ATTACK: feral ghoul attacked mr. handy (NEWHP: 90) (85,199,2)
[2020-08-27 22:51:41.425] ATTACK: mr. handy attacked feral ghoul (NEWHP: 12) (86,199,2)
[2020-08-27 22:51:41.427] ATTACK: protectron attacked feral ghoul (NEWHP: 30) (135,236,2)
[2020-08-27 22:51:41.429] ATTACK: feral ghoul attacked protectron (NEWHP: 80) (135,235,2)
[2020-08-27 22:51:41.432] ATTACK: feral ghoul attacked protectron (NEWHP: 70) (135,235,2)
[2020-08-27 22:51:43.424] ATTACK: protectron attacked feral ghoul (NEWHP: 21) (135,236,2)
[2020-08-27 22:51:43.426] ATTACK: feral ghoul attacked protectron (NEWHP: 60) (135,235,2)
[2020-08-27 22:51:43.428] ATTACK: feral ghoul attacked protectron (NEWHP: 50) (135,235,2)
[2020-08-27 22:51:45.424] ATTACK: protectron attacked feral ghoul (NEWHP: 23) (136,236,2)
[2020-08-27 22:51:45.426] ATTACK: feral ghoul attacked protectron (NEWHP: 40) (135,235,2)
[2020-08-27 22:51:45.428] ATTACK: feral ghoul attacked protectron (NEWHP: 30) (135,235,2)
[2020-08-27 22:51:47.424] ATTACK: feral ghoul reaver attacked feral dog (NEWHP: 60) (185,122,2)
[2020-08-27 22:51:47.427] ATTACK: protectron attacked feral ghoul (NEWHP: 15) (136,236,2)
[2020-08-27 22:51:47.428] ATTACK: feral ghoul attacked protectron (NEWHP: 20) (135,235,2)
[2020-08-27 22:51:47.431] ATTACK: feral ghoul attacked protectron (NEWHP: 10) (135,235,2)
[2020-08-27 22:51:49.427] ATTACK: feral ghoul attacked giant radscorpion (NEWHP: 150) (121,242,2)
[2020-08-27 22:51:49.428] ATTACK: giant radscorpion attacked feral ghoul (NEWHP: 40) (122,241,2)
[2020-08-27 22:51:51.417] ATTACK: feral dog attacked feral ghoul reaver (NEWHP: 40) (185,121,2)
[2020-08-27 22:51:51.424] ATTACK: feral ghoul reaver attacked feral dog (NEWHP: 45) (185,122,2)
[2020-08-27 22:51:51.429] ATTACK: feral ghoul attacked giant radscorpion (NEWHP: 140) (121,242,2)
[2020-08-27 22:51:51.431] ATTACK: giant radscorpion attacked feral ghoul (NEWHP: 5) (122,241,2)
[2020-08-27 22:51:53.419] ATTACK: feral dog attacked feral ghoul reaver (NEWHP: 20) (185,121,2)
[2020-08-27 22:51:59.467] ATTACK: feral dog attacked feral ghoul (NEWHP: 40) (184,133,2)
[2020-08-27 22:52:01.467] ATTACK: feral ghoul attacked feral dog (NEWHP: 30) (184,132,2)
[2020-08-27 22:52:01.474] ATTACK: feral dog attacked feral ghoul (NEWHP: 20) (184,133,2)
[2020-08-27 22:52:01.478] ATTACK: super mutant attacked giant radscorpion (NEWHP: 150) (39,244,4)
[2020-08-27 22:52:03.469] ATTACK: giant radscorpion attacked super mutant (NEWHP: 300) (38,245,4)
[2020-08-27 22:52:03.475] ATTACK: super mutant attacked giant radscorpion (NEWHP: 89) (39,244,4)
[2020-08-27 22:52:05.470] ATTACK: giant radscorpion attacked super mutant (NEWHP: 265) (38,245,4)
[2020-08-27 22:52:05.472] ATTACK: super mutant attacked giant radscorpion (NEWHP: 43) (39,244,4)
[2020-08-27 22:52:07.470] ATTACK: feral dog attacked feral ghoul (NEWHP: 40) (177,127,2)
[2020-08-27 22:52:09.466] ATTACK: feral ghoul attacked feral dog (NEWHP: 20) (178,127,2)
[2020-08-27 22:52:09.469] ATTACK: feral dog attacked feral ghoul (NEWHP: 20) (177,127,2)
[2020-08-27 22:52:23.466] ATTACK: super mutant attacked giant radscorpion (NEWHP: 150) (52,243,4)
[2020-08-27 22:52:25.470] ATTACK: super mutant attacked giant radscorpion (NEWHP: 90) (52,243,4)
[2020-08-27 22:52:27.482] ATTACK: super mutant attacked giant radscorpion (NEWHP: 28) (52,243,4)
[2020-08-27 22:53:29.958] ATTACK: Floyd Tin(ghostly98) attacked Floyd Tin(ghostly98) with Advanced Armor and You (INTENT: HELP) (DAMTYPE: BRUTE) (NEWHP: 100) (44,185,4)
[2020-08-27 22:57:56.249] ATTACK: Floyd Tin(ghostly98) fired at cave with The laser beam from Tunnel (61,140,4)
[2020-08-27 22:57:56.250] ATTACK: Floyd Tin(ghostly98) shot radroach with The laser beam (NEWHP: 16) (60,140,4)
[2020-08-27 22:57:56.732] ATTACK: Floyd Tin(ghostly98) fired at radroach with The laser beam from Tunnel (NEWHP: 16) (60,140,4)
[2020-08-27 22:57:56.733] ATTACK: Floyd Tin(ghostly98) shot radroach with The laser beam (NEWHP: 0) (60,140,4)
[2020-08-27 22:57:57.506] ATTACK: Floyd Tin(ghostly98) fired at radroach with The laser beam from Tunnel (NEWHP: 40) (60,140,4)
[2020-08-27 22:57:57.508] ATTACK: Floyd Tin(ghostly98) shot radroach with The laser beam (NEWHP: 16) (60,140,4)
[2020-08-27 22:57:57.531] ATTACK: radroach attacked Floyd Tin(ghostly98) (NEWHP: 100) (59,140,4)
[2020-08-27 22:57:57.532] ATTACK: radroach attacked Floyd Tin(ghostly98) (NEWHP: 97) (59,140,4)
[2020-08-27 22:57:57.885] ATTACK: Floyd Tin(ghostly98) fired at radroach with The laser beam from Tunnel (NEWHP: 16) (60,140,4)
[2020-08-27 22:57:57.886] ATTACK: Floyd Tin(ghostly98) shot radroach with The laser beam (NEWHP: 0) (60,140,4)
[2020-08-27 22:57:58.291] ATTACK: Floyd Tin(ghostly98) fired at radroach with The laser beam from Tunnel (NEWHP: 0) (60,140,4)
[2020-08-27 22:57:58.292] ATTACK: Floyd Tin(ghostly98) shot radroach with The laser beam (NEWHP: 0) (60,140,4)
[2020-08-27 22:57:58.882] ATTACK: Floyd Tin(ghostly98) fired at radroach with The laser beam from Tunnel (NEWHP: 40) (60,139,4)
[2020-08-27 22:57:58.883] ATTACK: Floyd Tin(ghostly98) shot radroach with The laser beam (NEWHP: 16) (60,139,4)
[2020-08-27 22:57:59.417] ATTACK: Floyd Tin(ghostly98) fired at radroach with The laser beam from Tunnel (NEWHP: 16) (60,139,4)
[2020-08-27 22:57:59.419] ATTACK: Floyd Tin(ghostly98) shot radroach with The laser beam (NEWHP: 0) (60,139,4)
[2020-08-27 22:58:35.186] ATTACK: Floyd Tin(ghostly98) fired at radroach with The laser beam from Tunnel (NEWHP: 40) (68,140,4)
[2020-08-27 22:58:35.278] ATTACK: Floyd Tin(ghostly98) shot radroach with The laser beam (NEWHP: 16) (68,140,4)
[2020-08-27 22:58:35.724] ATTACK: Floyd Tin(ghostly98) fired at cave with The laser beam from Tunnel (68,140,4)
[2020-08-27 22:58:35.725] ATTACK: Floyd Tin(ghostly98) shot radroach with The laser beam (NEWHP: 0) (67,140,4)
[2020-08-27 22:58:41.610] ATTACK: Floyd Tin(ghostly98) fired at radroach with The laser beam from Tunnel (NEWHP: 40) (79,143,4)
[2020-08-27 22:58:41.729] ATTACK: Floyd Tin(ghostly98) shot radroach with The laser beam (NEWHP: 16) (79,143,4)
[2020-08-27 22:58:42.138] ATTACK: Floyd Tin(ghostly98) fired at cave with The laser beam from Tunnel (79,143,4)
[2020-08-27 22:58:42.139] ATTACK: Floyd Tin(ghostly98) shot radroach with The laser beam (NEWHP: 0) (77,141,4)
[2020-08-27 22:59:14.890] ATTACK: Floyd Tin(ghostly98) fired at radroach with The laser beam from Tunnel (NEWHP: 40) (77,142,4)
[2020-08-27 22:59:14.891] ATTACK: Floyd Tin(ghostly98) shot radroach with The laser beam (NEWHP: 16) (77,142,4)
[2020-08-27 22:59:15.529] ATTACK: radroach attacked Floyd Tin(ghostly98) (NEWHP: 94) (76,142,4)
[2020-08-27 22:59:15.531] ATTACK: radroach attacked Floyd Tin(ghostly98) (NEWHP: 91) (76,142,4)
[2020-08-27 22:59:16.090] ATTACK: Floyd Tin(ghostly98) fired at radroach with The laser beam from Tunnel (NEWHP: 16) (77,142,4)
[2020-08-27 22:59:16.092] ATTACK: Floyd Tin(ghostly98) shot radroach with The laser beam (NEWHP: 0) (77,142,4)
[2020-08-27 22:59:16.995] ATTACK: Floyd Tin(ghostly98) fired at radroach with The laser beam from Tunnel (NEWHP: 40) (77,143,4)
[2020-08-27 22:59:16.996] ATTACK: Floyd Tin(ghostly98) shot radroach with The laser beam (NEWHP: 16) (77,143,4)
[2020-08-27 22:59:17.425] ATTACK: Floyd Tin(ghostly98) fired at radroach with The laser beam from Tunnel (NEWHP: 16) (77,143,4)
[2020-08-27 22:59:17.426] ATTACK: Floyd Tin(ghostly98) shot radroach with The laser beam (NEWHP: 0) (77,143,4)
[2020-08-27 22:59:26.442] ATTACK: Floyd Tin(ghostly98) fired at radroach with The laser beam from Tunnel (NEWHP: 40) (87,141,4)
[2020-08-27 22:59:26.444] ATTACK: Floyd Tin(ghostly98) shot radroach with The laser beam (NEWHP: 16) (87,141,4)
[2020-08-27 22:59:27.530] ATTACK: radroach attacked Floyd Tin(ghostly98) (NEWHP: 88) (86,141,4)
[2020-08-27 22:59:31.306] ATTACK: Floyd Tin(ghostly98) attacked radroach with Wattz 1000 laser pistol (INTENT: HARM) (DAMTYPE: BRUTE) (NEWHP: 11) (84,141,4)
[2020-08-27 22:59:31.530] ATTACK: radroach attacked Floyd Tin(ghostly98) (NEWHP: 85) (83,141,4)
[2020-08-27 22:59:31.532] ATTACK: radroach attacked Floyd Tin(ghostly98) (NEWHP: 82) (83,141,4)
[2020-08-27 22:59:32.122] ATTACK: Floyd Tin(ghostly98) attacked radroach with Wattz 1000 laser pistol (INTENT: HARM) (DAMTYPE: BRUTE) (NEWHP: 6) (84,141,4)
[2020-08-27 22:59:33.010] ATTACK: Floyd Tin(ghostly98) attacked radroach with Wattz 1000 laser pistol (INTENT: HARM) (DAMTYPE: BRUTE) (NEWHP: 35) (84,142,4)
[2020-08-27 22:59:33.530] ATTACK: radroach attacked Floyd Tin(ghostly98) (NEWHP: 79) (82,143,4)
[2020-08-27 22:59:37.534] ATTACK: radroach attacked Floyd Tin(ghostly98) (NEWHP: 75) (72,140,4)
[2020-08-27 22:59:37.542] ATTACK: Floyd Tin(ghostly98) attacked radroach with Wattz 1000 laser pistol (INTENT: HARM) (DAMTYPE: BRUTE) (NEWHP: 1) (73,140,4)
[2020-08-27 22:59:40.967] ATTACK: Floyd Tin(ghostly98) attacked radroach with Wattz 1000 laser pistol (INTENT: HARM) (DAMTYPE: BRUTE) (NEWHP: 0) (63,140,4)
[2020-08-27 22:59:45.529] ATTACK: radroach attacked Floyd Tin(ghostly98) (NEWHP: 72) (49,140,4)
[2020-08-27 22:59:45.532] ATTACK: radroach attacked Floyd Tin(ghostly98) (NEWHP: 69) (49,140,4)
[2020-08-27 22:59:45.875] ATTACK: Floyd Tin(ghostly98) attacked radroach with Wattz 1000 laser pistol (INTENT: HARM) (DAMTYPE: BRUTE) (NEWHP: 35) (50,140,4)
[2020-08-27 22:59:46.749] ATTACK: Floyd Tin(ghostly98) attacked radroach with Wattz 1000 laser pistol (INTENT: HARM) (DAMTYPE: BRUTE) (NEWHP: 30) (50,140,4)
[2020-08-27 22:59:47.530] ATTACK: radroach attacked Floyd Tin(ghostly98) (NEWHP: 66) (49,140,4)
[2020-08-27 22:59:47.532] ATTACK: radroach attacked Floyd Tin(ghostly98) (NEWHP: 62) (49,140,4)
[2020-08-27 22:59:47.534] ATTACK: radroach attacked Floyd Tin(ghostly98) (NEWHP: 59) (49,140,4)
[2020-08-27 22:59:47.666] ATTACK: Floyd Tin(ghostly98) attacked radroach with Wattz 1000 laser pistol (INTENT: HARM) (DAMTYPE: BRUTE) (NEWHP: 25) (50,140,4)
[2020-08-27 22:59:48.443] ATTACK: Floyd Tin(ghostly98) attacked radroach with Wattz 1000 laser pistol (INTENT: HARM) (DAMTYPE: BRUTE) (NEWHP: 20) (50,140,4)
[2020-08-27 22:59:49.410] ATTACK: Floyd Tin(ghostly98) attacked radroach with Wattz 1000 laser pistol (INTENT: HARM) (DAMTYPE: BRUTE) (NEWHP: 15) (50,140,4)
[2020-08-27 22:59:49.530] ATTACK: radroach attacked Floyd Tin(ghostly98) (NEWHP: 55) (49,140,4)
[2020-08-27 22:59:49.533] ATTACK: radroach attacked Floyd Tin(ghostly98) (NEWHP: 52) (49,140,4)
[2020-08-27 22:59:49.535] ATTACK: radroach attacked Floyd Tin(ghostly98) (NEWHP: 49) (49,140,4)
[2020-08-27 22:59:50.207] ATTACK: Floyd Tin(ghostly98) attacked radroach with Wattz 1000 laser pistol (INTENT: HARM) (DAMTYPE: BRUTE) (NEWHP: 10) (50,140,4)
[2020-08-27 22:59:51.000] ATTACK: Floyd Tin(ghostly98) attacked radroach with Wattz 1000 laser pistol (INTENT: HARM) (DAMTYPE: BRUTE) (NEWHP: 5) (50,140,4)
[2020-08-27 22:59:51.529] ATTACK: radroach attacked Floyd Tin(ghostly98) (NEWHP: 46) (49,141,4)
[2020-08-27 22:59:51.531] ATTACK: radroach attacked Floyd Tin(ghostly98) (NEWHP: 42) (49,141,4)
[2020-08-27 22:59:51.532] ATTACK: radroach attacked Floyd Tin(ghostly98) (NEWHP: 39) (49,141,4)
[2020-08-27 22:59:53.530] ATTACK: radroach attacked Floyd Tin(ghostly98) (NEWHP: 35) (49,145,4)
[2020-08-27 22:59:53.532] ATTACK: radroach attacked Floyd Tin(ghostly98) (NEWHP: 32) (49,145,4)
[2020-08-27 22:59:53.533] ATTACK: radroach attacked Floyd Tin(ghostly98) (NEWHP: 29) (49,145,4)
[2020-08-27 22:59:53.570] ATTACK: Floyd Tin(ghostly98) attacked radroach with Wattz 1000 laser pistol (INTENT: HARM) (DAMTYPE: BRUTE) (NEWHP: 30) (49,144,4)
[2020-08-27 22:59:54.372] ATTACK: Floyd Tin(ghostly98) attacked radroach with Wattz 1000 laser pistol (INTENT: HARM) (DAMTYPE: BRUTE) (NEWHP: 25) (49,144,4)
[2020-08-27 22:59:55.146] ATTACK: Floyd Tin(ghostly98) attacked radroach with Wattz 1000 laser pistol (INTENT: HARM) (DAMTYPE: BRUTE) (NEWHP: 20) (49,143,4)
[2020-08-27 22:59:55.530] ATTACK: radroach attacked Floyd Tin(ghostly98) (NEWHP: 26) (49,143,4)
[2020-08-27 22:59:56.348] ATTACK: Floyd Tin(ghostly98) attacked radroach with Wattz 1000 laser pistol (INTENT: HARM) (DAMTYPE: BRUTE) (NEWHP: 15) (49,141,4)
[2020-08-27 22:59:57.325] ATTACK: Floyd Tin(ghostly98) attacked radroach with Wattz 1000 laser pistol (INTENT: HARM) (DAMTYPE: BRUTE) (NEWHP: 10) (49,139,4)
[2020-08-27 22:59:57.530] ATTACK: radroach attacked Floyd Tin(ghostly98) (NEWHP: 22) (49,140,4)
[2020-08-27 22:59:57.532] ATTACK: radroach attacked Floyd Tin(ghostly98) (NEWHP: 19) (49,140,4)
[2020-08-27 22:59:57.533] ATTACK: radroach attacked Floyd Tin(ghostly98) (NEWHP: 16) (49,140,4)
[2020-08-27 22:59:58.114] ATTACK: Floyd Tin(ghostly98) attacked radroach with Wattz 1000 laser pistol (INTENT: HARM) (DAMTYPE: BRUTE) (NEWHP: 5) (49,138,4)
[2020-08-27 22:59:58.923] ATTACK: Floyd Tin(ghostly98) attacked radroach with Wattz 1000 laser pistol (INTENT: HARM) (DAMTYPE: BRUTE) (NEWHP: 0) (49,138,4)
[2020-08-27 22:59:59.530] ATTACK: radroach attacked Floyd Tin(ghostly98) (NEWHP: 12) (49,139,4)
[2020-08-27 22:59:59.532] ATTACK: radroach attacked Floyd Tin(ghostly98) (NEWHP: 9) (49,139,4)
[2020-08-27 23:00:01.530] ATTACK: radroach attacked Floyd Tin(ghostly98) (NEWHP: 6) (47,139,4)
[2020-08-27 23:01:10.355] ATTACK: Floyd Tin(ghostly98) attacked radroach with Wattz 1000 laser pistol (INTENT: HARM) (DAMTYPE: BRUTE) (NEWHP: 35) (87,141,4)
[2020-08-27 23:01:11.243] ATTACK: Floyd Tin(ghostly98) attacked radroach with Wattz 1000 laser pistol (INTENT: HARM) (DAMTYPE: BRUTE) (NEWHP: 30) (87,141,4)
[2020-08-27 23:01:11.529] ATTACK: radroach attacked Floyd Tin(ghostly98) (NEWHP: 100) (87,142,4)
[2020-08-27 23:01:11.531] ATTACK: radroach attacked Floyd Tin(ghostly98) (NEWHP: 97) (87,142,4)
[2020-08-27 23:01:12.157] ATTACK: Floyd Tin(ghostly98) attacked radroach with Wattz 1000 laser pistol (INTENT: HARM) (DAMTYPE: BRUTE) (NEWHP: 25) (87,141,4)
[2020-08-27 23:01:12.932] ATTACK: Floyd Tin(ghostly98) attacked radroach with Wattz 1000 laser pistol (INTENT: HARM) (DAMTYPE: BRUTE) (NEWHP: 20) (87,141,4)
[2020-08-27 23:01:13.530] ATTACK: radroach attacked Floyd Tin(ghostly98) (NEWHP: 94) (87,142,4)
[2020-08-27 23:01:13.533] ATTACK: radroach attacked Floyd Tin(ghostly98) (NEWHP: 90) (87,142,4)
[2020-08-27 23:01:13.537] ATTACK: radroach attacked Floyd Tin(ghostly98) (NEWHP: 86) (87,142,4)
[2020-08-27 23:01:13.859] ATTACK: Floyd Tin(ghostly98) attacked radroach with Wattz 1000 laser pistol (INTENT: HARM) (DAMTYPE: BRUTE) (NEWHP: 15) (87,141,4)
[2020-08-27 23:01:14.722] ATTACK: Floyd Tin(ghostly98) attacked radroach with Wattz 1000 laser pistol (INTENT: HARM) (DAMTYPE: BRUTE) (NEWHP: 10) (87,141,4)
[2020-08-27 23:01:15.484] ATTACK: Floyd Tin(ghostly98) attacked radroach with Wattz 1000 laser pistol (INTENT: HARM) (DAMTYPE: BRUTE) (NEWHP: 5) (87,141,4)
[2020-08-27 23:01:15.528] ATTACK: radroach attacked Floyd Tin(ghostly98) (NEWHP: 82) (87,142,4)
[2020-08-27 23:01:15.530] ATTACK: radroach attacked Floyd Tin(ghostly98) (NEWHP: 79) (87,142,4)
[2020-08-27 23:01:15.531] ATTACK: radroach attacked Floyd Tin(ghostly98) (NEWHP: 75) (87,142,4)
[2020-08-27 23:01:16.434] ATTACK: Floyd Tin(ghostly98) attacked radroach with Wattz 1000 laser pistol (INTENT: HARM) (DAMTYPE: BRUTE) (NEWHP: 0) (87,141,4)
[2020-08-27 23:01:17.531] ATTACK: radroach attacked Floyd Tin(ghostly98) (NEWHP: 71) (84,142,4)
[2020-08-27 23:01:17.533] ATTACK: radroach attacked Floyd Tin(ghostly98) (NEWHP: 68) (84,142,4)
[2020-08-27 23:01:17.587] ATTACK: Floyd Tin(ghostly98) attacked radroach with Wattz 1000 laser pistol (INTENT: HARM) (DAMTYPE: BRUTE) (NEWHP: 35) (85,142,4)
[2020-08-27 23:01:18.435] ATTACK: Floyd Tin(ghostly98) fired at cave with The laser beam from Tunnel (84,142,4)
[2020-08-27 23:01:18.436] ATTACK: Floyd Tin(ghostly98) shot radroach with The laser beam (NEWHP: 11) (83,142,4)
[2020-08-27 23:01:19.003] ATTACK: Floyd Tin(ghostly98) attacked radroach with Wattz 1000 laser pistol (INTENT: HARM) (DAMTYPE: BRUTE) (NEWHP: 6) (82,142,4)
[2020-08-27 23:01:20.034] ATTACK: Floyd Tin(ghostly98) fired at radroach with The laser beam from Tunnel (NEWHP: 6) (79,142,4)
[2020-08-27 23:01:20.130] ATTACK: Floyd Tin(ghostly98) shot radroach with The laser beam (NEWHP: 0) (79,142,4)
[2020-08-27 23:01:20.459] ATTACK: Floyd Tin(ghostly98) attacked radroach with Wattz 1000 laser pistol (INTENT: HARM) (DAMTYPE: BRUTE) (NEWHP: 0) (77,142,4)
[2020-08-27 23:01:21.322] ATTACK: Floyd Tin(ghostly98) attacked radroach with Wattz 1000 laser pistol (INTENT: HARM) (DAMTYPE: BRUTE) (NEWHP: 0) (77,142,4)
[2020-08-27 23:01:21.529] ATTACK: radroach attacked Floyd Tin(ghostly98) (NEWHP: 65) (76,142,4)
[2020-08-27 23:01:22.147] ATTACK: Floyd Tin(ghostly98) attacked radroach with Wattz 1000 laser pistol (INTENT: HARM) (DAMTYPE: BRUTE) (NEWHP: 0) (77,142,4)
[2020-08-27 23:01:22.931] ATTACK: Floyd Tin(ghostly98) attacked radroach with Wattz 1000 laser pistol (INTENT: HARM) (DAMTYPE: BRUTE) (NEWHP: 0) (77,142,4)
[2020-08-27 23:01:23.799] ATTACK: Floyd Tin(ghostly98) attacked radroach with Wattz 1000 laser pistol (INTENT: HARM) (DAMTYPE: BRUTE) (NEWHP: 0) (77,141,4)
[2020-08-27 23:01:24.735] ATTACK: Floyd Tin(ghostly98) attacked radroach with Wattz 1000 laser pistol (INTENT: HARM) (DAMTYPE: BRUTE) (NEWHP: 35) (76,141,4)
[2020-08-27 23:01:25.530] ATTACK: radroach attacked Floyd Tin(ghostly98) (NEWHP: 61) (76,140,4)
[2020-08-27 23:01:25.676] ATTACK: Floyd Tin(ghostly98) attacked radroach with Wattz 1000 laser pistol (INTENT: HARM) (DAMTYPE: BRUTE) (NEWHP: 30) (76,141,4)
[2020-08-27 23:01:27.453] ATTACK: Floyd Tin(ghostly98) attacked radroach with Wattz 1000 laser pistol (INTENT: HARM) (DAMTYPE: BRUTE) (NEWHP: 25) (76,141,4)
[2020-08-27 23:01:27.531] ATTACK: radroach attacked Floyd Tin(ghostly98) (NEWHP: 58) (76,140,4)
[2020-08-27 23:01:28.427] ATTACK: Floyd Tin(ghostly98) attacked radroach with Wattz 1000 laser pistol (INTENT: HARM) (DAMTYPE: BRUTE) (NEWHP: 20) (76,141,4)
[2020-08-27 23:01:29.266] ATTACK: Floyd Tin(ghostly98) attacked radroach with Wattz 1000 laser pistol (INTENT: HARM) (DAMTYPE: BRUTE) (NEWHP: 15) (76,141,4)
[2020-08-27 23:01:29.529] ATTACK: radroach attacked Floyd Tin(ghostly98) (NEWHP: 55) (76,140,4)
[2020-08-27 23:01:30.138] ATTACK: Floyd Tin(ghostly98) attacked radroach with Wattz 1000 laser pistol (INTENT: HARM) (DAMTYPE: BRUTE) (NEWHP: 10) (76,141,4)
[2020-08-27 23:01:31.003] ATTACK: Floyd Tin(ghostly98) attacked radroach with Wattz 1000 laser pistol (INTENT: HARM) (DAMTYPE: BRUTE) (NEWHP: 5) (76,141,4)
[2020-08-27 23:01:31.530] ATTACK: radroach attacked Floyd Tin(ghostly98) (NEWHP: 52) (76,140,4)
[2020-08-27 23:01:31.812] ATTACK: Floyd Tin(ghostly98) attacked radroach with Wattz 1000 laser pistol (INTENT: HARM) (DAMTYPE: BRUTE) (NEWHP: 0) (76,141,4)
[2020-08-27 23:01:41.474] ATTACK: Floyd Tin(ghostly98) fired at radroach with The laser beam from Tunnel (NEWHP: 40) (87,141,4)
[2020-08-27 23:01:41.837] ATTACK: Floyd Tin(ghostly98) fired at radroach nest with The laser beam from Tunnel (87,141,4)
[2020-08-27 23:01:41.930] ATTACK: Floyd Tin(ghostly98) shot radroach with The laser beam (NEWHP: 16) (86,142,4)
[2020-08-27 23:01:42.359] ATTACK: Floyd Tin(ghostly98) fired at radroach nest with The laser beam from Tunnel (87,141,4)
[2020-08-27 23:01:42.361] ATTACK: Floyd Tin(ghostly98) shot radroach with The laser beam (NEWHP: 0) (85,142,4)
[2020-08-27 23:01:43.482] ATTACK: Floyd Tin(ghostly98) fired at radroach nest with The laser beam from Tunnel (87,141,4)
[2020-08-27 23:01:43.947] ATTACK: Floyd Tin(ghostly98) fired at radroach nest with The laser beam from Tunnel (87,141,4)
[2020-08-27 23:01:44.482] ATTACK: Floyd Tin(ghostly98) fired at radroach nest with The laser beam from Tunnel (87,141,4)
[2020-08-27 23:01:45.075] ATTACK: Floyd Tin(ghostly98) fired at radroach nest with The laser beam from Tunnel (87,141,4)
[2020-08-27 23:01:45.474] ATTACK: Floyd Tin(ghostly98) fired at radroach nest with The laser beam from Tunnel (87,141,4)
[2020-08-27 23:01:45.844] ATTACK: Floyd Tin(ghostly98) fired at radroach nest with The laser beam from Tunnel (87,141,4)
[2020-08-27 23:01:46.426] ATTACK: Floyd Tin(ghostly98) fired at radroach nest with The laser beam from Tunnel (87,141,4)
[2020-08-27 23:01:46.818] ATTACK: Floyd Tin(ghostly98) fired at radroach nest with The laser beam from Tunnel (87,141,4)
[2020-08-27 23:01:47.194] ATTACK: Floyd Tin(ghostly98) fired at radroach nest with The laser beam from Tunnel (87,141,4)
[2020-08-27 23:01:47.754] ATTACK: Floyd Tin(ghostly98) fired at radroach nest with The laser beam from Tunnel (87,141,4)
[2020-08-27 23:01:48.410] ATTACK: Floyd Tin(ghostly98) fired at radroach nest with The laser beam from Tunnel (87,141,4)
[2020-08-27 23:04:35.531] ATTACK: venus human trap attacked Floyd Tin(ghostly98) (NEWHP: 100) (85,146,4)
[2020-08-27 23:04:47.530] ATTACK: venus human trap attacked Floyd Tin(ghostly98) (NEWHP: 92.5) (84,146,4)
[2020-08-27 23:04:55.531] ATTACK: venus human trap attacked Floyd Tin(ghostly98) (NEWHP: 85) (84,146,4)
[2020-08-27 23:05:05.531] ATTACK: venus human trap attacked Floyd Tin(ghostly98) (NEWHP: 77.5) (82,150,4)
[2020-08-27 23:05:05.533] ATTACK: venus human trap attacked Floyd Tin(ghostly98) (NEWHP: 70) (82,150,4)
[2020-08-27 23:05:07.531] ATTACK: venus human trap attacked Floyd Tin(ghostly98) (NEWHP: 62.5) (83,147,4)
[2020-08-27 23:05:09.529] ATTACK: venus human trap attacked Floyd Tin(ghostly98) (NEWHP: 55) (86,145,4)
[2020-08-27 23:05:10.299] ATTACK: Floyd Tin(ghostly98) attacked venus human trap with pickaxe (INTENT: HARM) (DAMTYPE: BRUTE) (NEWHP: 30) (86,145,4)
[2020-08-27 23:05:11.217] ATTACK: Floyd Tin(ghostly98) attacked venus human trap with pickaxe (INTENT: HARM) (DAMTYPE: BRUTE) (NEWHP: 10) (86,145,4)
[2020-08-27 23:05:11.531] ATTACK: venus human trap attacked Floyd Tin(ghostly98) (NEWHP: 45) (87,145,4)
[2020-08-27 23:05:12.092] ATTACK: Floyd Tin(ghostly98) attacked venus human trap with pickaxe (INTENT: HARM) (DAMTYPE: BRUTE) (NEWHP: 0) 
[2020-08-27 23:06:05.529] ATTACK: venus human trap attacked Floyd Tin(ghostly98) (NEWHP: 100) (80,153,4)
[2020-08-27 23:06:05.770] ATTACK: Floyd Tin(ghostly98) attacked venus human trap with pickaxe (INTENT: HARM) (DAMTYPE: BRUTE) (NEWHP: 30) (79,153,4)
[2020-08-27 23:06:06.655] ATTACK: Floyd Tin(ghostly98) attacked venus human trap with pickaxe (INTENT: HARM) (DAMTYPE: BRUTE) (NEWHP: 10) (79,153,4)
[2020-08-27 23:06:07.531] ATTACK: venus human trap attacked Floyd Tin(ghostly98) (NEWHP: 92.5) (80,153,4)
[2020-08-27 23:06:07.539] ATTACK: Floyd Tin(ghostly98) attacked venus human trap with pickaxe (INTENT: HARM) (DAMTYPE: BRUTE) (NEWHP: 0) 
