[2020-08-27 22:48:22.359] Starting up round ID .
 - -------------------------
[2020-08-27 22:48:22.364] Running /tg/ revision: 
 - No commit information
[2020-08-27 22:48:23.415] Initialized Database subsystem within 0 seconds!
[2020-08-27 22:48:23.418] Initialized Blackbox subsystem within 0 seconds!
[2020-08-27 22:48:23.419] Initialized Server Tasks subsystem within 0 seconds!
[2020-08-27 22:48:23.422] Initialized Input subsystem within 0 seconds!
[2020-08-27 22:48:23.439] runtime error: WARNING: Design ID clash with ID emitter detected!
 - proc name: stack trace (/proc/stack_trace)
 -   source file: unsorted.dm,1241
 -   usr: (src)
 -   src: null
 -   call stack:
 - stack trace("WARNING: Design ID clash with ...")
 - initialize all techweb designs(0)
 - Research (/datum/controller/subsystem/research): Initialize(821034)
 - Master (/datum/controller/master): Initialize(10, 0)
 - 
[2020-08-27 22:48:23.445] ## WARNING: Invalid research design with ID siege cannon detected in node Industrial Engineering[engineering] removed. in code/modules/research/techweb/__techweb_helpers.dm at line 94 src:  usr: .
[2020-08-27 22:48:23.446] ## WARNING: Invalid research design with ID health_hud_night detected in node Night Vision Technology[NVGtech] removed. in code/modules/research/techweb/__techweb_helpers.dm at line 94 src:  usr: .
[2020-08-27 22:48:23.447] ## WARNING: Invalid research design with ID security_hud_night detected in node Night Vision Technology[NVGtech] removed. in code/modules/research/techweb/__techweb_helpers.dm at line 94 src:  usr: .
[2020-08-27 22:48:23.449] ## WARNING: Invalid research design with ID diagnostic_hud_night detected in node Night Vision Technology[NVGtech] removed. in code/modules/research/techweb/__techweb_helpers.dm at line 94 src:  usr: .
[2020-08-27 22:48:23.450] ## WARNING: Invalid research design with ID night_visision_goggles detected in node Night Vision Technology[NVGtech] removed. in code/modules/research/techweb/__techweb_helpers.dm at line 94 src:  usr: .
[2020-08-27 22:48:23.451] ## WARNING: Invalid research design with ID nvgmesons detected in node Night Vision Technology[NVGtech] removed. in code/modules/research/techweb/__techweb_helpers.dm at line 94 src:  usr: .
[2020-08-27 22:48:23.453] ## WARNING: Invalid research design with ID ci-toolset detected in node Advanced Cybernetic Implants[adv_cyber_implants] removed. in code/modules/research/techweb/__techweb_helpers.dm at line 94 src:  usr: .
[2020-08-27 22:48:23.454] ## WARNING: Invalid research design with ID ci-surgery detected in node Advanced Cybernetic Implants[adv_cyber_implants] removed. in code/modules/research/techweb/__techweb_helpers.dm at line 94 src:  usr: .
[2020-08-27 22:48:23.455] ## WARNING: Invalid research design with ID ci-thermals detected in node Combat Cybernetic Implants[combat_cyber_implants] removed. in code/modules/research/techweb/__techweb_helpers.dm at line 94 src:  usr: .
[2020-08-27 22:48:23.466] Initialized Research subsystem within 0 seconds!
[2020-08-27 22:48:23.469] Initialized Events subsystem within 0 seconds!
[2020-08-27 22:48:23.473] Initialized Jobs subsystem within 0 seconds!
[2020-08-27 22:48:23.475] Initialized Quirks subsystem within 0 seconds!
[2020-08-27 22:48:23.487] Initialized Ticker subsystem within 0 seconds!
[2020-08-27 22:48:23.488] Loading Pahrump...
[2020-08-27 22:48:39.525] Loaded Wasteland in 16.1s!
[2020-08-27 22:48:43.425] Loaded Dungeons in 3.9s!
[2020-08-27 22:48:43.536] Ban database connection failure. Key guest1271285026 not checked
[2020-08-27 22:48:43.538] Ban database connection failure. Key ghostly98 not checked
[2020-08-27 22:48:43.541] Ban database connection failure. Key ghostly98 not checked
[2020-08-27 22:48:43.542] Ban database connection failure. Key ghostly98 not checked
[2020-08-27 22:48:43.779] Ruin loader finished with 0 left to spend.
[2020-08-27 22:48:48.115] Initialized Mapping subsystem within 24.7 seconds!
[2020-08-27 22:48:48.117] Initialized Networks subsystem within 0 seconds!
[2020-08-27 22:49:10.744] Initialized Atoms subsystem within 22.6 seconds!
[2020-08-27 22:49:10.759] Initialized Language subsystem within 0 seconds!
[2020-08-27 22:49:10.777] Initialized Machines subsystem within 0 seconds!
[2020-08-27 22:49:10.819] Initialized Circuit subsystem within 0.1 seconds!
[2020-08-27 22:49:10.821] Initialized Disease subsystem within 0 seconds!
[2020-08-27 22:49:10.822] Initialized Item Spawners subsystem within 0 seconds!
[2020-08-27 22:49:10.823] Initialized Medals subsystem within 0 seconds!
[2020-08-27 22:49:10.823] Initialized Mob Spawners subsystem within 0 seconds!
[2020-08-27 22:49:10.824] Initialized Radiation subsystem within 0 seconds!
[2020-08-27 22:49:10.825] Initialized Day/Night Cycle subsystem within 0 seconds!
[2020-08-27 22:49:10.828] Initialized Night Shift subsystem within 0 seconds!
[2020-08-27 22:49:10.829] Initialized Parallax subsystem within 0 seconds!
[2020-08-27 22:49:12.836] Initialized Bot Comms subsystem within 2 seconds!
[2020-08-27 22:49:12.935] Initialized Traumas subsystem within 0.1 seconds!
[2020-08-27 22:49:12.938] Initialized Weather subsystem within 0 seconds!
[2020-08-27 22:49:16.720] ## WARNING: There are 6 active turfs at roundstart, this is a mapping error caused by a difference of the air between the adjacent turfs. You can see its coordinates using "Mapping -> Show roundstart AT list" verb (debug verbs required)
[2020-08-27 22:49:16.723] ## WARNING: HEY! LISTEN! 0 seconds were wasted processing 6 turf(s) (connected to 14 other turfs) with atmos differences at round start.
[2020-08-27 22:49:16.727] ## WARNING: build_pipeline(): /obj/machinery/atmospherics/pipe/simple/supply/hidden added to a pipenet while still having one. (pipes leading to the same spot stacking in one turf) Nearby: (128, 85, 1)
[2020-08-27 22:49:16.728] ## WARNING: build_pipeline(): /obj/machinery/atmospherics/pipe/manifold/supply/hidden added to a pipenet while still having one. (pipes leading to the same spot stacking in one turf) Nearby: (129, 85, 1)
[2020-08-27 22:49:16.730] ## WARNING: build_pipeline(): /obj/machinery/atmospherics/pipe/simple/supply/hidden added to a pipenet while still having one. (pipes leading to the same spot stacking in one turf) Nearby: (127, 85, 1)
[2020-08-27 22:49:16.732] ## WARNING: build_pipeline(): /obj/machinery/atmospherics/pipe/simple/supply/hidden added to a pipenet while still having one. (pipes leading to the same spot stacking in one turf) Nearby: (129, 86, 1)
[2020-08-27 22:49:16.735] ## WARNING: build_pipeline(): /obj/machinery/atmospherics/pipe/simple/supply/hidden added to a pipenet while still having one. (pipes leading to the same spot stacking in one turf) Nearby: (130, 85, 1)
[2020-08-27 22:49:16.736] ## WARNING: build_pipeline(): /obj/machinery/atmospherics/pipe/simple/supply/hidden added to a pipenet while still having one. (pipes leading to the same spot stacking in one turf) Nearby: (126, 85, 1)
[2020-08-27 22:49:16.737] ## WARNING: build_pipeline(): /obj/machinery/atmospherics/pipe/simple/supply/hidden added to a pipenet while still having one. (pipes leading to the same spot stacking in one turf) Nearby: (129, 87, 1)
[2020-08-27 22:49:16.738] ## WARNING: build_pipeline(): /obj/machinery/atmospherics/pipe/simple/supply/hidden added to a pipenet while still having one. (pipes leading to the same spot stacking in one turf) Nearby: (131, 85, 1)
[2020-08-27 22:49:16.739] ## WARNING: build_pipeline(): /obj/machinery/atmospherics/pipe/manifold/supply/hidden added to a pipenet while still having one. (pipes leading to the same spot stacking in one turf) Nearby: (125, 85, 1)
[2020-08-27 22:49:16.739] ## WARNING: build_pipeline(): /obj/machinery/atmospherics/pipe/simple/supply/hidden added to a pipenet while still having one. (pipes leading to the same spot stacking in one turf) Nearby: (129, 88, 1)
[2020-08-27 22:49:16.740] ## WARNING: build_pipeline(): further messages about pipenets will be supressed
[2020-08-27 22:49:16.742] Initialized Atmospherics subsystem within 3.8 seconds!
[2020-08-27 22:49:20.267] runtime error: duplicate sprite "emitter" in sheet design (/datum/asset/spritesheet/research_designs)
 - proc name: Insert (/datum/asset/spritesheet/proc/Insert)
 -   source file: asset_cache.dm,295
 -   usr: null
 -   src: design (/datum/asset/spritesheet/research_designs)
 -   call stack:
 - design (/datum/asset/spritesheet/research_designs): Insert("emitter", /icon (/icon), "", 2, 1, 0)
 - design (/datum/asset/spritesheet/research_designs): register()
 - design (/datum/asset/spritesheet/research_designs): New()
 - get asset datum(/datum/asset/spritesheet/resea... (/datum/asset/spritesheet/research_designs))
 - Assets (/datum/controller/subsystem/assets): Initialize(821567)
 - Master (/datum/controller/master): Initialize(10, 0)
 - 
[2020-08-27 22:49:21.115] Initialized Assets subsystem within 4.4 seconds!
[2020-08-27 22:49:21.134] runtime error: No valid destination passed into forceMove
 - proc name: forceMove (/atom/movable/proc/forceMove)
 -   source file: atoms_movable.dm,354
 -   usr: null
 -   src: the match (/obj/item/match)
 -   src.loc: the matchbox (/obj/item/storage/box/matches)
 -   call stack:
 - the match (/obj/item/match): forceMove(null)
 - /datum/component/storage/concr... (/datum/component/storage/concrete):  insert physical item(the match (/obj/item/match), 0)
 - /datum/component/storage/concr... (/datum/component/storage/concrete): handle item insertion(the match (/obj/item/match), 1, null, null)
 - /datum/component/storage/concr... (/datum/component/storage/concrete): signal fill type(/obj/item/match (/obj/item/match), 10, 0)
 - /datum/callback (/datum/callback): InvokeAsync(/obj/item/match (/obj/item/match))
 - 
[2020-08-27 22:49:21.143] runtime error: No valid destination passed into forceMove
 - proc name: forceMove (/atom/movable/proc/forceMove)
 -   source file: atoms_movable.dm,354
 -   usr: null
 -   src: the match (/obj/item/match)
 -   src.loc: the matchbox (/obj/item/storage/box/matches)
 -   call stack:
 - the match (/obj/item/match): forceMove(null)
 - /datum/component/storage/concr... (/datum/component/storage/concrete):  insert physical item(the match (/obj/item/match), 0)
 - /datum/component/storage/concr... (/datum/component/storage/concrete): handle item insertion(the match (/obj/item/match), 1, null, null)
 - /datum/component/storage/concr... (/datum/component/storage/concrete): signal fill type(/obj/item/match (/obj/item/match), 10, 0)
 - /datum/callback (/datum/callback): InvokeAsync(/obj/item/match (/obj/item/match))
 - 
[2020-08-27 22:49:21.156] runtime error: No valid destination passed into forceMove
 - proc name: forceMove (/atom/movable/proc/forceMove)
 -   source file: atoms_movable.dm,354
 -   usr: null
 -   src: the match (/obj/item/match)
 -   src.loc: the matchbox (/obj/item/storage/box/matches)
 -   call stack:
 - the match (/obj/item/match): forceMove(null)
 - /datum/component/storage/concr... (/datum/component/storage/concrete):  insert physical item(the match (/obj/item/match), 0)
 - /datum/component/storage/concr... (/datum/component/storage/concrete): handle item insertion(the match (/obj/item/match), 1, null, null)
 - /datum/component/storage/concr... (/datum/component/storage/concrete): signal fill type(/obj/item/match (/obj/item/match), 10, 0)
 - /datum/callback (/datum/callback): InvokeAsync(/obj/item/match (/obj/item/match))
 - 
[2020-08-27 22:49:21.168] runtime error: No valid destination passed into forceMove
 - proc name: forceMove (/atom/movable/proc/forceMove)
 -   source file: atoms_movable.dm,354
 -   usr: null
 -   src: the match (/obj/item/match)
 -   src.loc: the matchbox (/obj/item/storage/box/matches)
 -   call stack:
 - the match (/obj/item/match): forceMove(null)
 - /datum/component/storage/concr... (/datum/component/storage/concrete):  insert physical item(the match (/obj/item/match), 0)
 - /datum/component/storage/concr... (/datum/component/storage/concrete): handle item insertion(the match (/obj/item/match), 1, null, null)
 - /datum/component/storage/concr... (/datum/component/storage/concrete): signal fill type(/obj/item/match (/obj/item/match), 10, 0)
 - /datum/callback (/datum/callback): InvokeAsync(/obj/item/match (/obj/item/match))
 - 
[2020-08-27 22:49:21.176] runtime error: No valid destination passed into forceMove
 - proc name: forceMove (/atom/movable/proc/forceMove)
 -   source file: atoms_movable.dm,354
 -   usr: null
 -   src: the match (/obj/item/match)
 -   src.loc: the matchbox (/obj/item/storage/box/matches)
 -   call stack:
 - the match (/obj/item/match): forceMove(null)
 - /datum/component/storage/concr... (/datum/component/storage/concrete):  insert physical item(the match (/obj/item/match), 0)
 - /datum/component/storage/concr... (/datum/component/storage/concrete): handle item insertion(the match (/obj/item/match), 1, null, null)
 - /datum/component/storage/concr... (/datum/component/storage/concrete): signal fill type(/obj/item/match (/obj/item/match), 10, 0)
 - /datum/callback (/datum/callback): InvokeAsync(/obj/item/match (/obj/item/match))
 - 
[2020-08-27 22:49:21.185] runtime error: No valid destination passed into forceMove
 - proc name: forceMove (/atom/movable/proc/forceMove)
 -   source file: atoms_movable.dm,354
 -   usr: null
 -   src: the match (/obj/item/match)
 -   src.loc: the matchbox (/obj/item/storage/box/matches)
 -   call stack:
 - the match (/obj/item/match): forceMove(null)
 - /datum/component/storage/concr... (/datum/component/storage/concrete):  insert physical item(the match (/obj/item/match), 0)
 - /datum/component/storage/concr... (/datum/component/storage/concrete): handle item insertion(the match (/obj/item/match), 1, null, null)
 - /datum/component/storage/concr... (/datum/component/storage/concrete): signal fill type(/obj/item/match (/obj/item/match), 10, 0)
 - /datum/callback (/datum/callback): InvokeAsync(/obj/item/match (/obj/item/match))
 - 
[2020-08-27 22:49:21.192] runtime error: No valid destination passed into forceMove
 - proc name: forceMove (/atom/movable/proc/forceMove)
 -   source file: atoms_movable.dm,354
 -   usr: null
 -   src: the match (/obj/item/match)
 -   src.loc: the matchbox (/obj/item/storage/box/matches)
 -   call stack:
 - the match (/obj/item/match): forceMove(null)
 - /datum/component/storage/concr... (/datum/component/storage/concrete):  insert physical item(the match (/obj/item/match), 0)
 - /datum/component/storage/concr... (/datum/component/storage/concrete): handle item insertion(the match (/obj/item/match), 1, null, null)
 - /datum/component/storage/concr... (/datum/component/storage/concrete): signal fill type(/obj/item/match (/obj/item/match), 10, 0)
 - /datum/callback (/datum/callback): InvokeAsync(/obj/item/match (/obj/item/match))
 - 
[2020-08-27 22:49:21.200] runtime error: No valid destination passed into forceMove
 - proc name: forceMove (/atom/movable/proc/forceMove)
 -   source file: atoms_movable.dm,354
 -   usr: null
 -   src: the match (/obj/item/match)
 -   src.loc: the matchbox (/obj/item/storage/box/matches)
 -   call stack:
 - the match (/obj/item/match): forceMove(null)
 - /datum/component/storage/concr... (/datum/component/storage/concrete):  insert physical item(the match (/obj/item/match), 0)
 - /datum/component/storage/concr... (/datum/component/storage/concrete): handle item insertion(the match (/obj/item/match), 1, null, null)
 - /datum/component/storage/concr... (/datum/component/storage/concrete): signal fill type(/obj/item/match (/obj/item/match), 10, 0)
 - /datum/callback (/datum/callback): InvokeAsync(/obj/item/match (/obj/item/match))
 - 
[2020-08-27 22:49:21.208] runtime error: No valid destination passed into forceMove
 - proc name: forceMove (/atom/movable/proc/forceMove)
 -   source file: atoms_movable.dm,354
 -   usr: null
 -   src: the match (/obj/item/match)
 -   src.loc: the matchbox (/obj/item/storage/box/matches)
 -   call stack:
 - the match (/obj/item/match): forceMove(null)
 - /datum/component/storage/concr... (/datum/component/storage/concrete):  insert physical item(the match (/obj/item/match), 0)
 - /datum/component/storage/concr... (/datum/component/storage/concrete): handle item insertion(the match (/obj/item/match), 1, null, null)
 - /datum/component/storage/concr... (/datum/component/storage/concrete): signal fill type(/obj/item/match (/obj/item/match), 10, 0)
 - /datum/callback (/datum/callback): InvokeAsync(/obj/item/match (/obj/item/match))
 - 
[2020-08-27 22:49:26.411] Initialized Icon Smoothing subsystem within 5.2 seconds!
[2020-08-27 22:49:27.299] Initialized Overlay subsystem within 0.8 seconds!
[2020-08-27 22:49:27.301] Initialized XKeyScore subsystem within 0 seconds!
[2020-08-27 22:49:27.303] Initialized Sticky Ban subsystem within 0 seconds!
[2020-08-27 22:49:34.817] Initialized Lighting subsystem within 7.5 seconds!
[2020-08-27 22:49:35.983] Initialized Shuttle subsystem within 1.1 seconds!
[2020-08-27 22:49:35.986] Initialized Squeak subsystem within 0 seconds!
[2020-08-27 22:49:35.988] Initialized Pathfinder subsystem within 0 seconds!
[2020-08-27 22:49:36.021] Loaded 1 engraved messages on map Pahrump
[2020-08-27 22:49:36.024] Initialized Persistence subsystem within 0.1 seconds!
[2020-08-27 22:49:36.025] Initializations complete within 72.6 seconds!
[2020-08-27 22:49:43.873] runtime error: bad resource file
 - proc name: send asset (/proc/send_asset)
 -   source file: asset_cache.dm,53
 -   usr: (src)
 -   src: null
 -   call stack:
 - send asset(Ghostly98 (/client), "objitem.png", 0, null)
 - getFilesSlow(Ghostly98 (/client), /list (/list), 0)
 - /datum/callback (/datum/callback): InvokeAsync()
 - 
[2020-08-27 22:51:26.863] Game start took 0.6s
[2020-08-27 22:51:57.454] runtime error: The grille taking damage after deletion
 - proc name: stack trace (/datum/proc/stack_trace)
 -   source file: unsorted.dm,1244
 -   usr: null
 -   src: the grille (/obj/structure/grille)
 -   src.loc: null
 -   call stack:
 - the grille (/obj/structure/grille): stack trace("The grille taking damage after...")
 - the grille (/obj/structure/grille): take damage(8, "brute", "melee", 1, null, 0)
 - the grille (/obj/structure/grille): take damage(8, "brute", "melee", 1, null)
 - the grille (/obj/structure/grille): attack animal(the giant radscorpion (/mob/living/simple_animal/hostile/radscorpion))
 - the giant radscorpion (/mob/living/simple_animal/hostile/radscorpion): DestroyObjectsInDirection(1)
 - the giant radscorpion (/mob/living/simple_animal/hostile/radscorpion): DestroyPathToTarget()
 - the giant radscorpion (/mob/living/simple_animal/hostile/radscorpion): handle automated action()
 - NPC Pool (/datum/controller/subsystem/npcpool): fire(0)
 - NPC Pool (/datum/controller/subsystem/npcpool): ignite(0)
 - Master (/datum/controller/master): RunQueue()
 - Master (/datum/controller/master): Loop()
 - Master (/datum/controller/master): StartProcessing(0)
 - 
[2020-08-27 23:06:51.929] World rebooted at 19:06:51
