[2020-08-27 15:42:54.847] Starting up round ID .
 - -------------------------
[2020-08-27 15:42:54.851] Running /tg/ revision: 
 - No commit information
[2020-08-27 15:42:54.855] Unable to locate admins backup file.
[2020-08-27 15:42:54.858] Unable to locate admins backup file.
[2020-08-27 15:42:55.811] Initialized Database subsystem within 0 seconds!
[2020-08-27 15:42:55.814] Initialized Blackbox subsystem within 0 seconds!
[2020-08-27 15:42:55.818] Initialized Server Tasks subsystem within 0 seconds!
[2020-08-27 15:42:55.820] Initialized Input subsystem within 0 seconds!
[2020-08-27 15:42:55.832] runtime error: WARNING: Design ID clash with ID emitter detected!
 - proc name: stack trace (/proc/stack_trace)
 -   source file: unsorted.dm,1241
 -   usr: (src)
 -   src: null
 -   call stack:
 - stack trace("WARNING: Design ID clash with ...")
 - initialize all techweb designs(0)
 - Research (/datum/controller/subsystem/research): Initialize(565758)
 - Master (/datum/controller/master): Initialize(10, 0)
 - 
[2020-08-27 15:42:55.837] ## WARNING: Invalid research design with ID siege cannon detected in node Industrial Engineering[engineering] removed. in code/modules/research/techweb/__techweb_helpers.dm at line 94 src:  usr: .
[2020-08-27 15:42:55.839] ## WARNING: Invalid research design with ID health_hud_night detected in node Night Vision Technology[NVGtech] removed. in code/modules/research/techweb/__techweb_helpers.dm at line 94 src:  usr: .
[2020-08-27 15:42:55.840] ## WARNING: Invalid research design with ID security_hud_night detected in node Night Vision Technology[NVGtech] removed. in code/modules/research/techweb/__techweb_helpers.dm at line 94 src:  usr: .
[2020-08-27 15:42:55.842] ## WARNING: Invalid research design with ID diagnostic_hud_night detected in node Night Vision Technology[NVGtech] removed. in code/modules/research/techweb/__techweb_helpers.dm at line 94 src:  usr: .
[2020-08-27 15:42:55.843] ## WARNING: Invalid research design with ID night_visision_goggles detected in node Night Vision Technology[NVGtech] removed. in code/modules/research/techweb/__techweb_helpers.dm at line 94 src:  usr: .
[2020-08-27 15:42:55.844] ## WARNING: Invalid research design with ID nvgmesons detected in node Night Vision Technology[NVGtech] removed. in code/modules/research/techweb/__techweb_helpers.dm at line 94 src:  usr: .
[2020-08-27 15:42:55.847] ## WARNING: Invalid research design with ID ci-toolset detected in node Advanced Cybernetic Implants[adv_cyber_implants] removed. in code/modules/research/techweb/__techweb_helpers.dm at line 94 src:  usr: .
[2020-08-27 15:42:55.849] ## WARNING: Invalid research design with ID ci-surgery detected in node Advanced Cybernetic Implants[adv_cyber_implants] removed. in code/modules/research/techweb/__techweb_helpers.dm at line 94 src:  usr: .
[2020-08-27 15:42:55.850] ## WARNING: Invalid research design with ID ci-thermals detected in node Combat Cybernetic Implants[combat_cyber_implants] removed. in code/modules/research/techweb/__techweb_helpers.dm at line 94 src:  usr: .
[2020-08-27 15:42:55.859] Initialized Research subsystem within 0 seconds!
[2020-08-27 15:42:55.863] Initialized Events subsystem within 0 seconds!
[2020-08-27 15:42:55.868] Initialized Jobs subsystem within 0 seconds!
[2020-08-27 15:42:55.870] Initialized Quirks subsystem within 0 seconds!
[2020-08-27 15:42:55.883] Initialized Ticker subsystem within 0 seconds!
[2020-08-27 15:42:55.887] Loading Pahrump...
[2020-08-27 15:43:14.451] Loaded Wasteland in 18.6s!
[2020-08-27 15:43:16.270] Ban database connection failure. Key guest1271285026 not checked
[2020-08-27 15:43:16.271] Ban database connection failure. Key ghostly98 not checked
[2020-08-27 15:43:16.276] Ban database connection failure. Key ghostly98 not checked
[2020-08-27 15:43:16.278] Ban database connection failure. Key ghostly98 not checked
[2020-08-27 15:43:18.780] Loaded Dungeons in 4.3s!
[2020-08-27 15:43:19.238] Ruin loader finished with 0 left to spend.
[2020-08-27 15:43:23.787] Initialized Mapping subsystem within 27.9 seconds!
[2020-08-27 15:43:23.789] Initialized Networks subsystem within 0 seconds!
[2020-08-27 15:43:42.546] Ban database connection failure. Key ghostly98 not checked
[2020-08-27 15:43:50.645] Initialized Atoms subsystem within 26.9 seconds!
[2020-08-27 15:43:50.658] Initialized Language subsystem within 0 seconds!
[2020-08-27 15:43:50.676] Initialized Machines subsystem within 0 seconds!
[2020-08-27 15:43:50.714] Initialized Circuit subsystem within 0.1 seconds!
[2020-08-27 15:43:50.716] Initialized Disease subsystem within 0 seconds!
[2020-08-27 15:43:50.719] Initialized Item Spawners subsystem within 0 seconds!
[2020-08-27 15:43:50.720] Initialized Medals subsystem within 0 seconds!
[2020-08-27 15:43:50.721] Initialized Mob Spawners subsystem within 0 seconds!
[2020-08-27 15:43:50.722] Initialized Radiation subsystem within 0 seconds!
[2020-08-27 15:43:50.723] Initialized Day/Night Cycle subsystem within 0 seconds!
[2020-08-27 15:43:50.724] Initialized Night Shift subsystem within 0 seconds!
[2020-08-27 15:43:50.725] Initialized Parallax subsystem within 0 seconds!
[2020-08-27 15:43:52.731] Initialized Bot Comms subsystem within 2 seconds!
[2020-08-27 15:43:52.841] Initialized Traumas subsystem within 0.1 seconds!
[2020-08-27 15:43:52.843] Initialized Weather subsystem within 0 seconds!
[2020-08-27 15:43:57.342] ## WARNING: There are 6 active turfs at roundstart, this is a mapping error caused by a difference of the air between the adjacent turfs. You can see its coordinates using "Mapping -> Show roundstart AT list" verb (debug verbs required)
[2020-08-27 15:43:57.345] ## WARNING: HEY! LISTEN! 0 seconds were wasted processing 6 turf(s) (connected to 14 other turfs) with atmos differences at round start.
[2020-08-27 15:43:57.357] ## WARNING: build_pipeline(): /obj/machinery/atmospherics/pipe/simple/supply/hidden added to a pipenet while still having one. (pipes leading to the same spot stacking in one turf) Nearby: (128, 85, 1)
[2020-08-27 15:43:57.358] ## WARNING: build_pipeline(): /obj/machinery/atmospherics/pipe/manifold/supply/hidden added to a pipenet while still having one. (pipes leading to the same spot stacking in one turf) Nearby: (129, 85, 1)
[2020-08-27 15:43:57.359] ## WARNING: build_pipeline(): /obj/machinery/atmospherics/pipe/simple/supply/hidden added to a pipenet while still having one. (pipes leading to the same spot stacking in one turf) Nearby: (127, 85, 1)
[2020-08-27 15:43:57.360] ## WARNING: build_pipeline(): /obj/machinery/atmospherics/pipe/simple/supply/hidden added to a pipenet while still having one. (pipes leading to the same spot stacking in one turf) Nearby: (129, 86, 1)
[2020-08-27 15:43:57.361] ## WARNING: build_pipeline(): /obj/machinery/atmospherics/pipe/simple/supply/hidden added to a pipenet while still having one. (pipes leading to the same spot stacking in one turf) Nearby: (130, 85, 1)
[2020-08-27 15:43:57.362] ## WARNING: build_pipeline(): /obj/machinery/atmospherics/pipe/simple/supply/hidden added to a pipenet while still having one. (pipes leading to the same spot stacking in one turf) Nearby: (126, 85, 1)
[2020-08-27 15:43:57.363] ## WARNING: build_pipeline(): /obj/machinery/atmospherics/pipe/simple/supply/hidden added to a pipenet while still having one. (pipes leading to the same spot stacking in one turf) Nearby: (129, 87, 1)
[2020-08-27 15:43:57.364] ## WARNING: build_pipeline(): /obj/machinery/atmospherics/pipe/simple/supply/hidden added to a pipenet while still having one. (pipes leading to the same spot stacking in one turf) Nearby: (131, 85, 1)
[2020-08-27 15:43:57.365] ## WARNING: build_pipeline(): /obj/machinery/atmospherics/pipe/manifold/supply/hidden added to a pipenet while still having one. (pipes leading to the same spot stacking in one turf) Nearby: (125, 85, 1)
[2020-08-27 15:43:57.367] ## WARNING: build_pipeline(): /obj/machinery/atmospherics/pipe/simple/supply/hidden added to a pipenet while still having one. (pipes leading to the same spot stacking in one turf) Nearby: (129, 88, 1)
[2020-08-27 15:43:57.369] ## WARNING: build_pipeline(): further messages about pipenets will be supressed
[2020-08-27 15:43:57.372] Initialized Atmospherics subsystem within 4.5 seconds!
[2020-08-27 15:44:01.158] runtime error: duplicate sprite "emitter" in sheet design (/datum/asset/spritesheet/research_designs)
 - proc name: Insert (/datum/asset/spritesheet/proc/Insert)
 -   source file: asset_cache.dm,295
 -   usr: null
 -   src: design (/datum/asset/spritesheet/research_designs)
 -   call stack:
 - design (/datum/asset/spritesheet/research_designs): Insert("emitter", /icon (/icon), "", 2, 1, 0)
 - design (/datum/asset/spritesheet/research_designs): register()
 - design (/datum/asset/spritesheet/research_designs): New()
 - get asset datum(/datum/asset/spritesheet/resea... (/datum/asset/spritesheet/research_designs))
 - Assets (/datum/controller/subsystem/assets): Initialize(566373)
 - Master (/datum/controller/master): Initialize(10, 0)
 - 
[2020-08-27 15:44:02.094] Initialized Assets subsystem within 4.7 seconds!
[2020-08-27 15:44:02.111] runtime error: No valid destination passed into forceMove
 - proc name: forceMove (/atom/movable/proc/forceMove)
 -   source file: atoms_movable.dm,354
 -   usr: null
 -   src: the match (/obj/item/match)
 -   src.loc: the matchbox (/obj/item/storage/box/matches)
 -   call stack:
 - the match (/obj/item/match): forceMove(null)
 - /datum/component/storage/concr... (/datum/component/storage/concrete):  insert physical item(the match (/obj/item/match), 0)
 - /datum/component/storage/concr... (/datum/component/storage/concrete): handle item insertion(the match (/obj/item/match), 1, null, null)
 - /datum/component/storage/concr... (/datum/component/storage/concrete): signal fill type(/obj/item/match (/obj/item/match), 10, 0)
 - /datum/callback (/datum/callback): InvokeAsync(/obj/item/match (/obj/item/match))
 - 
[2020-08-27 15:44:02.122] runtime error: No valid destination passed into forceMove
 - proc name: forceMove (/atom/movable/proc/forceMove)
 -   source file: atoms_movable.dm,354
 -   usr: null
 -   src: the match (/obj/item/match)
 -   src.loc: the matchbox (/obj/item/storage/box/matches)
 -   call stack:
 - the match (/obj/item/match): forceMove(null)
 - /datum/component/storage/concr... (/datum/component/storage/concrete):  insert physical item(the match (/obj/item/match), 0)
 - /datum/component/storage/concr... (/datum/component/storage/concrete): handle item insertion(the match (/obj/item/match), 1, null, null)
 - /datum/component/storage/concr... (/datum/component/storage/concrete): signal fill type(/obj/item/match (/obj/item/match), 10, 0)
 - /datum/callback (/datum/callback): InvokeAsync(/obj/item/match (/obj/item/match))
 - 
[2020-08-27 15:44:02.131] runtime error: No valid destination passed into forceMove
 - proc name: forceMove (/atom/movable/proc/forceMove)
 -   source file: atoms_movable.dm,354
 -   usr: null
 -   src: the match (/obj/item/match)
 -   src.loc: the matchbox (/obj/item/storage/box/matches)
 -   call stack:
 - the match (/obj/item/match): forceMove(null)
 - /datum/component/storage/concr... (/datum/component/storage/concrete):  insert physical item(the match (/obj/item/match), 0)
 - /datum/component/storage/concr... (/datum/component/storage/concrete): handle item insertion(the match (/obj/item/match), 1, null, null)
 - /datum/component/storage/concr... (/datum/component/storage/concrete): signal fill type(/obj/item/match (/obj/item/match), 10, 0)
 - /datum/callback (/datum/callback): InvokeAsync(/obj/item/match (/obj/item/match))
 - 
[2020-08-27 15:44:02.143] runtime error: No valid destination passed into forceMove
 - proc name: forceMove (/atom/movable/proc/forceMove)
 -   source file: atoms_movable.dm,354
 -   usr: null
 -   src: the match (/obj/item/match)
 -   src.loc: the matchbox (/obj/item/storage/box/matches)
 -   call stack:
 - the match (/obj/item/match): forceMove(null)
 - /datum/component/storage/concr... (/datum/component/storage/concrete):  insert physical item(the match (/obj/item/match), 0)
 - /datum/component/storage/concr... (/datum/component/storage/concrete): handle item insertion(the match (/obj/item/match), 1, null, null)
 - /datum/component/storage/concr... (/datum/component/storage/concrete): signal fill type(/obj/item/match (/obj/item/match), 10, 0)
 - /datum/callback (/datum/callback): InvokeAsync(/obj/item/match (/obj/item/match))
 - 
[2020-08-27 15:44:02.153] runtime error: No valid destination passed into forceMove
 - proc name: forceMove (/atom/movable/proc/forceMove)
 -   source file: atoms_movable.dm,354
 -   usr: null
 -   src: the match (/obj/item/match)
 -   src.loc: the matchbox (/obj/item/storage/box/matches)
 -   call stack:
 - the match (/obj/item/match): forceMove(null)
 - /datum/component/storage/concr... (/datum/component/storage/concrete):  insert physical item(the match (/obj/item/match), 0)
 - /datum/component/storage/concr... (/datum/component/storage/concrete): handle item insertion(the match (/obj/item/match), 1, null, null)
 - /datum/component/storage/concr... (/datum/component/storage/concrete): signal fill type(/obj/item/match (/obj/item/match), 10, 0)
 - /datum/callback (/datum/callback): InvokeAsync(/obj/item/match (/obj/item/match))
 - 
[2020-08-27 15:44:02.162] runtime error: No valid destination passed into forceMove
 - proc name: forceMove (/atom/movable/proc/forceMove)
 -   source file: atoms_movable.dm,354
 -   usr: null
 -   src: the match (/obj/item/match)
 -   src.loc: the matchbox (/obj/item/storage/box/matches)
 -   call stack:
 - the match (/obj/item/match): forceMove(null)
 - /datum/component/storage/concr... (/datum/component/storage/concrete):  insert physical item(the match (/obj/item/match), 0)
 - /datum/component/storage/concr... (/datum/component/storage/concrete): handle item insertion(the match (/obj/item/match), 1, null, null)
 - /datum/component/storage/concr... (/datum/component/storage/concrete): signal fill type(/obj/item/match (/obj/item/match), 10, 0)
 - /datum/callback (/datum/callback): InvokeAsync(/obj/item/match (/obj/item/match))
 - 
[2020-08-27 15:44:02.174] runtime error: No valid destination passed into forceMove
 - proc name: forceMove (/atom/movable/proc/forceMove)
 -   source file: atoms_movable.dm,354
 -   usr: null
 -   src: the match (/obj/item/match)
 -   src.loc: the matchbox (/obj/item/storage/box/matches)
 -   call stack:
 - the match (/obj/item/match): forceMove(null)
 - /datum/component/storage/concr... (/datum/component/storage/concrete):  insert physical item(the match (/obj/item/match), 0)
 - /datum/component/storage/concr... (/datum/component/storage/concrete): handle item insertion(the match (/obj/item/match), 1, null, null)
 - /datum/component/storage/concr... (/datum/component/storage/concrete): signal fill type(/obj/item/match (/obj/item/match), 10, 0)
 - /datum/callback (/datum/callback): InvokeAsync(/obj/item/match (/obj/item/match))
 - 
[2020-08-27 15:44:02.185] runtime error: No valid destination passed into forceMove
 - proc name: forceMove (/atom/movable/proc/forceMove)
 -   source file: atoms_movable.dm,354
 -   usr: null
 -   src: the match (/obj/item/match)
 -   src.loc: the matchbox (/obj/item/storage/box/matches)
 -   call stack:
 - the match (/obj/item/match): forceMove(null)
 - /datum/component/storage/concr... (/datum/component/storage/concrete):  insert physical item(the match (/obj/item/match), 0)
 - /datum/component/storage/concr... (/datum/component/storage/concrete): handle item insertion(the match (/obj/item/match), 1, null, null)
 - /datum/component/storage/concr... (/datum/component/storage/concrete): signal fill type(/obj/item/match (/obj/item/match), 10, 0)
 - /datum/callback (/datum/callback): InvokeAsync(/obj/item/match (/obj/item/match))
 - 
[2020-08-27 15:44:02.196] runtime error: No valid destination passed into forceMove
 - proc name: forceMove (/atom/movable/proc/forceMove)
 -   source file: atoms_movable.dm,354
 -   usr: null
 -   src: the match (/obj/item/match)
 -   src.loc: the matchbox (/obj/item/storage/box/matches)
 -   call stack:
 - the match (/obj/item/match): forceMove(null)
 - /datum/component/storage/concr... (/datum/component/storage/concrete):  insert physical item(the match (/obj/item/match), 0)
 - /datum/component/storage/concr... (/datum/component/storage/concrete): handle item insertion(the match (/obj/item/match), 1, null, null)
 - /datum/component/storage/concr... (/datum/component/storage/concrete): signal fill type(/obj/item/match (/obj/item/match), 10, 0)
 - /datum/callback (/datum/callback): InvokeAsync(/obj/item/match (/obj/item/match))
 - 
[2020-08-27 15:44:07.622] Initialized Icon Smoothing subsystem within 5.5 seconds!
[2020-08-27 15:44:08.579] Initialized Overlay subsystem within 0.9 seconds!
[2020-08-27 15:44:08.580] Initialized XKeyScore subsystem within 0 seconds!
[2020-08-27 15:44:08.583] Initialized Sticky Ban subsystem within 0 seconds!
[2020-08-27 15:44:15.881] Initialized Lighting subsystem within 7.3 seconds!
[2020-08-27 15:44:16.976] Initialized Shuttle subsystem within 1.1 seconds!
[2020-08-27 15:44:16.979] Initialized Squeak subsystem within 0 seconds!
[2020-08-27 15:44:16.982] Initialized Pathfinder subsystem within 0 seconds!
[2020-08-27 15:44:17.014] Initialized Persistence subsystem within 0.1 seconds!
[2020-08-27 15:44:17.015] Initializations complete within 81.2 seconds!
[2020-08-27 15:44:24.335] Ban database connection failure. Key guest1271285026 not checked
[2020-08-27 15:44:24.337] Ban database connection failure. Key ghostly98 not checked
[2020-08-27 15:44:24.338] Ban database connection failure. Key ghostly98 not checked
[2020-08-27 15:44:24.340] Ban database connection failure. Key ghostly98 not checked
[2020-08-27 15:44:32.570] runtime error: bad resource file
 - proc name: send asset (/proc/send_asset)
 -   source file: asset_cache.dm,53
 -   usr: (src)
 -   src: null
 -   call stack:
 - send asset(Ghostly98 (/client), "objitem.png", 0, null)
 - getFilesSlow(Ghostly98 (/client), /list (/list), 0)
 - Ghostly98 (/client): send resources()
 - 
[2020-08-27 15:46:15.533] Game start took 0.6s
[2020-08-27 15:46:46.722] runtime error: The grille taking damage after deletion
 - proc name: stack trace (/datum/proc/stack_trace)
 -   source file: unsorted.dm,1244
 -   usr: null
 -   src: the grille (/obj/structure/grille)
 -   src.loc: null
 -   call stack:
 - the grille (/obj/structure/grille): stack trace("The grille taking damage after...")
 - the grille (/obj/structure/grille): take damage(8, "brute", "melee", 1, null, 0)
 - the grille (/obj/structure/grille): take damage(8, "brute", "melee", 1, null)
 - the grille (/obj/structure/grille): attack animal(the giant radscorpion (/mob/living/simple_animal/hostile/radscorpion))
 - the giant radscorpion (/mob/living/simple_animal/hostile/radscorpion): DestroyObjectsInDirection(1)
 - the giant radscorpion (/mob/living/simple_animal/hostile/radscorpion): DestroyPathToTarget()
 - the giant radscorpion (/mob/living/simple_animal/hostile/radscorpion): handle automated action()
 - NPC Pool (/datum/controller/subsystem/npcpool): fire(0)
 - NPC Pool (/datum/controller/subsystem/npcpool): ignite(0)
 - Master (/datum/controller/master): RunQueue()
 - Master (/datum/controller/master): Loop()
 - Master (/datum/controller/master): StartProcessing(0)
 - 
[2020-08-27 15:48:43.221] runtime error: Camera in a cameranet has a non-list camera network
 - proc name: stack trace (/datum/proc/stack_trace)
 -   source file: unsorted.dm,1244
 -   usr: Floyd Tin (/mob/living/carbon/human)
 -   src: the security camera console (/obj/machinery/computer/security)
 -   usr.loc: the vault floor (45,154,4) (/turf/open/floor/plasteel/f13/vault_floor/red)
 -   src.loc: the vault floor (45,155,4) (/turf/open/floor/plasteel/f13/vault_floor/red)
 -   call stack:
 - the security camera console (/obj/machinery/computer/security): stack trace("Camera in a cameranet has a no...")
 - the security camera console (/obj/machinery/computer/security): get available cameras()
 - the security camera console (/obj/machinery/computer/security): attack hand(Floyd Tin (/mob/living/carbon/human))
 - Floyd Tin (/mob/living/carbon/human): UnarmedAttack(the security camera console (/obj/machinery/computer/security), 1)
 - Floyd Tin (/mob/living/carbon/human): ClickOn(the security camera console (/obj/machinery/computer/security), "icon-x=14;icon-y=16;left=1;scr...")
 - the security camera console (/obj/machinery/computer/security): Click(the vault floor (45,155,4) (/turf/open/floor/plasteel/f13/vault_floor/red), "mapwindow.map", "icon-x=14;icon-y=16;left=1;scr...")
 - Ghostly98 (/client): Click(the security camera console (/obj/machinery/computer/security), the vault floor (45,155,4) (/turf/open/floor/plasteel/f13/vault_floor/red), "mapwindow.map", "icon-x=14;icon-y=16;left=1;scr...")
 - 
[2020-08-27 15:48:43.235] runtime error: Camera in a cameranet has a non-list camera network
 - proc name: stack trace (/datum/proc/stack_trace)
 -   source file: unsorted.dm,1244
 -   usr: Floyd Tin (/mob/living/carbon/human)
 -   src: the security camera console (/obj/machinery/computer/security)
 -   usr.loc: the vault floor (45,154,4) (/turf/open/floor/plasteel/f13/vault_floor/red)
 -   src.loc: the vault floor (45,155,4) (/turf/open/floor/plasteel/f13/vault_floor/red)
 -   call stack:
 - the security camera console (/obj/machinery/computer/security): stack trace("Camera in a cameranet has a no...")
 - the security camera console (/obj/machinery/computer/security): get available cameras()
 - the security camera console (/obj/machinery/computer/security): use camera console(Floyd Tin (/mob/living/carbon/human))
 - the security camera console (/obj/machinery/computer/security): attack hand(Floyd Tin (/mob/living/carbon/human))
 - Floyd Tin (/mob/living/carbon/human): UnarmedAttack(the security camera console (/obj/machinery/computer/security), 1)
 - Floyd Tin (/mob/living/carbon/human): ClickOn(the security camera console (/obj/machinery/computer/security), "icon-x=14;icon-y=16;left=1;scr...")
 - the security camera console (/obj/machinery/computer/security): Click(the vault floor (45,155,4) (/turf/open/floor/plasteel/f13/vault_floor/red), "mapwindow.map", "icon-x=14;icon-y=16;left=1;scr...")
 - Ghostly98 (/client): Click(the security camera console (/obj/machinery/computer/security), the vault floor (45,155,4) (/turf/open/floor/plasteel/f13/vault_floor/red), "mapwindow.map", "icon-x=14;icon-y=16;left=1;scr...")
 - 
[2020-08-27 15:48:45.567] runtime error: Camera in a cameranet has a non-list camera network
 - proc name: stack trace (/datum/proc/stack_trace)
 -   source file: unsorted.dm,1244
 -   usr: Floyd Tin (/mob/living/carbon/human)
 -   src: the security camera console (/obj/machinery/computer/security)
 -   usr.loc: the vault floor (45,154,4) (/turf/open/floor/plasteel/f13/vault_floor/red)
 -   src.loc: the vault floor (45,155,4) (/turf/open/floor/plasteel/f13/vault_floor/red)
 -   call stack:
 - the security camera console (/obj/machinery/computer/security): stack trace("Camera in a cameranet has a no...")
 - the security camera console (/obj/machinery/computer/security): get available cameras()
 - the security camera console (/obj/machinery/computer/security): use camera console(Floyd Tin (/mob/living/carbon/human))
 - /datum/callback (/datum/callback): Invoke()
 - world: PushUsr(Floyd Tin (/mob/living/carbon/human), /datum/callback (/datum/callback))
 - /datum/callback (/datum/callback): InvokeAsync()
 - Timer (/datum/controller/subsystem/timer): fire(0)
 - Timer (/datum/controller/subsystem/timer): ignite(0)
 - Master (/datum/controller/master): RunQueue()
 - Master (/datum/controller/master): Loop()
 - Master (/datum/controller/master): StartProcessing(0)
 - 
[2020-08-27 15:48:47.670] runtime error: Camera in a cameranet has a non-list camera network
 - proc name: stack trace (/datum/proc/stack_trace)
 -   source file: unsorted.dm,1244
 -   usr: Floyd Tin (/mob/living/carbon/human)
 -   src: the security camera console (/obj/machinery/computer/security)
 -   usr.loc: the vault floor (45,154,4) (/turf/open/floor/plasteel/f13/vault_floor/red)
 -   src.loc: the vault floor (45,155,4) (/turf/open/floor/plasteel/f13/vault_floor/red)
 -   call stack:
 - the security camera console (/obj/machinery/computer/security): stack trace("Camera in a cameranet has a no...")
 - the security camera console (/obj/machinery/computer/security): get available cameras()
 - the security camera console (/obj/machinery/computer/security): use camera console(Floyd Tin (/mob/living/carbon/human))
 - /datum/callback (/datum/callback): Invoke()
 - world: PushUsr(Floyd Tin (/mob/living/carbon/human), /datum/callback (/datum/callback))
 - /datum/callback (/datum/callback): InvokeAsync()
 - Timer (/datum/controller/subsystem/timer): fire(0)
 - Timer (/datum/controller/subsystem/timer): ignite(0)
 - Master (/datum/controller/master): RunQueue()
 - Master (/datum/controller/master): Loop()
 - Master (/datum/controller/master): StartProcessing(0)
 - 
[2020-08-27 15:48:49.769] runtime error: Camera in a cameranet has a non-list camera network
 - proc name: stack trace (/datum/proc/stack_trace)
 -   source file: unsorted.dm,1244
 -   usr: Floyd Tin (/mob/living/carbon/human)
 -   src: the security camera console (/obj/machinery/computer/security)
 -   usr.loc: the vault floor (45,154,4) (/turf/open/floor/plasteel/f13/vault_floor/red)
 -   src.loc: the vault floor (45,155,4) (/turf/open/floor/plasteel/f13/vault_floor/red)
 -   call stack:
 - the security camera console (/obj/machinery/computer/security): stack trace("Camera in a cameranet has a no...")
 - the security camera console (/obj/machinery/computer/security): get available cameras()
 - the security camera console (/obj/machinery/computer/security): use camera console(Floyd Tin (/mob/living/carbon/human))
 - /datum/callback (/datum/callback): Invoke()
 - world: PushUsr(Floyd Tin (/mob/living/carbon/human), /datum/callback (/datum/callback))
 - /datum/callback (/datum/callback): InvokeAsync()
 - Timer (/datum/controller/subsystem/timer): fire(0)
 - Timer (/datum/controller/subsystem/timer): ignite(0)
 - Master (/datum/controller/master): RunQueue()
 - Master (/datum/controller/master): Loop()
 - Master (/datum/controller/master): StartProcessing(0)
 - 
[2020-08-27 16:08:08.551] Ban database connection failure. Key unwounddragon55 not checked
[2020-08-27 16:20:15.459] ### VarEdit by Ghostly98/(Floyd Tin): /mob/living/simple_animal/hostile/synth/mk2/playable ckey= => Ghostly98
[2020-08-27 16:20:22.862] ### VarEdit by Ghostly98/(synth mk2): /mob/living/simple_animal/hostile/synth/mk2/playable client= => Ghostly98
[2020-08-27 16:20:37.454] runtime error: Division by zero
 - proc name: swap hand (/mob/living/simple_animal/swap_hand)
 -   source file: simple_animal.dm,504
 -   usr: (src)
 -   src: the synth mk2 (/mob/living/simple_animal/hostile/synth/mk2/playable)
 -   src.loc: road (185,65,2) (/turf/open/indestructible/ground/outside/road)
 -   call stack:
 - the synth mk2 (/mob/living/simple_animal/hostile/synth/mk2/playable): swap hand(null)
 - the swap hand (/obj/screen/swap_hand): Click(null, "mapwindow.map", "icon-x=10;icon-y=7;left=1;scre...")
 - Ghostly98 (/client): Click(the swap hand (/obj/screen/swap_hand), null, "mapwindow.map", "icon-x=10;icon-y=7;left=1;scre...")
 - 
[2020-08-27 16:20:37.703] runtime error: Division by zero
 - proc name: swap hand (/mob/living/simple_animal/swap_hand)
 -   source file: simple_animal.dm,504
 - 
[2020-08-27 16:22:09.914] ### VarEdit by Ghostly98/(sentry bot): /mob/living/simple_animal/hostile/handy/sentrybot/playable client= => Ghostly98
[2020-08-27 16:51:46.552] Ban database connection failure. Key ghostly98 not checked
[2020-08-27 16:51:53.169] Ban database connection failure. Key guest1271285026 not checked
[2020-08-27 16:51:53.180] Ban database connection failure. Key ghostly98 not checked
[2020-08-27 16:51:53.187] Ban database connection failure. Key ghostly98 not checked
[2020-08-27 16:51:53.190] Ban database connection failure. Key ghostly98 not checked
[2020-08-27 16:52:04.837] runtime error: bad resource file
 - proc name: send asset (/proc/send_asset)
 -   source file: asset_cache.dm,53
 - 
[2020-08-27 16:55:22.289] Saved 1 engraved messages on map Pahrump
[2020-08-27 16:56:27.280] Shutting down Persistence subsystem...
[2020-08-27 16:56:27.282] Shutting down Pathfinder subsystem...
[2020-08-27 16:56:27.284] Shutting down Squeak subsystem...
[2020-08-27 16:56:27.286] Shutting down Shuttle subsystem...
[2020-08-27 16:56:27.288] Shutting down Lighting subsystem...
[2020-08-27 16:56:27.291] Shutting down XKeyScore subsystem...
[2020-08-27 16:56:27.292] Shutting down Sticky Ban subsystem...
[2020-08-27 16:56:27.295] Shutting down Overlay subsystem...
[2020-08-27 16:56:27.328] Shutting down Icon Smoothing subsystem...
[2020-08-27 16:56:27.329] Shutting down Assets subsystem...
[2020-08-27 16:56:27.331] Shutting down Atmospherics subsystem...
[2020-08-27 16:56:27.333] Shutting down Wet floors subsystem...
[2020-08-27 16:56:27.334] Shutting down Weather subsystem...
[2020-08-27 16:56:27.336] Shutting down Vote subsystem...
[2020-08-27 16:56:27.340] Shutting down Traumas subsystem...
[2020-08-27 16:56:27.342] Shutting down Title Screen subsystem...
[2020-08-27 16:56:27.345] Shutting down Time Tracking subsystem...
[2020-08-27 16:56:27.347] Shutting down Throwing subsystem...
[2020-08-27 16:56:27.349] Shutting down tgui subsystem...
[2020-08-27 16:56:27.350] Shutting down Sun subsystem...
[2020-08-27 16:56:27.351] Shutting down Space Drift subsystem...
[2020-08-27 16:56:27.352] Shutting down Religion subsystem...
[2020-08-27 16:56:27.354] Shutting down Radio subsystem...
[2020-08-27 16:56:27.356] Shutting down Radiation subsystem...
[2020-08-27 16:56:27.358] Shutting down Projectiles subsystem...
[2020-08-27 16:56:27.359] Shutting down Processing subsystem...
[2020-08-27 16:56:27.361] Shutting down Ping subsystem...
[2020-08-27 16:56:27.363] Shutting down Parallax subsystem...
[2020-08-27 16:56:27.364] Shutting down pAI subsystem...
[2020-08-27 16:56:27.366] Shutting down Orbits subsystem...
[2020-08-27 16:56:27.367] Shutting down Objects subsystem...
[2020-08-27 16:56:27.370] Shutting down NPC Pool subsystem...
[2020-08-27 16:56:27.373] Shutting down Night Shift subsystem...
[2020-08-27 16:56:27.375] Shutting down Mood subsystem...
[2020-08-27 16:56:27.376] Shutting down Mobs subsystem...
[2020-08-27 16:56:27.378] Shutting down Mob Spawners subsystem...
[2020-08-27 16:56:27.379] Shutting down Medals subsystem...
[2020-08-27 16:56:27.381] Shutting down Item Spawners subsystem...
[2020-08-27 16:56:27.383] Shutting down Idling NPC Pool subsystem...
[2020-08-27 16:56:27.384] Shutting down Flightpack Movement subsystem...
[2020-08-27 16:56:27.386] Shutting down Fire Burning subsystem...
[2020-08-27 16:56:27.388] Shutting down Fields subsystem...
[2020-08-27 16:56:27.390] Shutting down Fast Processing subsystem...
[2020-08-27 16:56:27.392] Shutting down Disease subsystem...
[2020-08-27 16:56:27.395] Shutting down Day/Night Cycle subsystem...
[2020-08-27 16:56:27.397] Shutting down Datum Component System subsystem...
[2020-08-27 16:56:27.400] Shutting down Communications subsystem...
[2020-08-27 16:56:27.403] Shutting down Bot Comms subsystem...
[2020-08-27 16:56:27.405] Shutting down Augury subsystem...
[2020-08-27 16:56:27.407] Shutting down Acid subsystem...
[2020-08-27 16:56:27.409] Shutting down Timer subsystem...
[2020-08-27 16:56:27.411] Shutting down Circuit subsystem...
[2020-08-27 16:56:27.413] Shutting down Machines subsystem...
[2020-08-27 16:56:27.415] Shutting down Language subsystem...
[2020-08-27 16:56:27.417] Shutting down Atoms subsystem...
[2020-08-27 16:56:27.420] Shutting down Networks subsystem...
[2020-08-27 16:56:27.421] Shutting down Mapping subsystem...
[2020-08-27 16:56:27.423] Shutting down Ticker subsystem...
[2020-08-27 16:56:27.436] Unable to locate admins backup file.
[2020-08-27 16:56:27.452] Unable to locate admins backup file.
[2020-08-27 16:56:27.457] Shutting down Quirks subsystem...
[2020-08-27 16:56:27.460] Shutting down Jobs subsystem...
[2020-08-27 16:56:27.463] Shutting down Events subsystem...
[2020-08-27 16:56:27.466] Shutting down Research subsystem...
[2020-08-27 16:56:27.468] Shutting down Input subsystem...
[2020-08-27 16:56:27.472] Shutting down Server Tasks subsystem...
[2020-08-27 16:56:27.475] Shutting down Blackbox subsystem...
[2020-08-27 16:56:27.478] Shutting down Database subsystem...
[2020-08-27 16:56:27.480] Shutting down Garbage subsystem...
[2020-08-27 16:56:27.600] Shutdown complete
[2020-08-27 16:56:27.602] World rebooted at 12:56:27
