[2020-08-27 15:42:54.852] SQL: Failed to connect to database while loading admins. Loading from backup.
[2020-08-27 15:42:54.853] SQL: not connected | Query used: INSERT INTO admin_ranks
 - (rank, flags, exclude_flags, can_edit_flags)
 - VALUES
 - 	('', , , ),
 - 	('', , , ),
 - 	('', , , ),
 - 	('', , , ),
 - 	('', , , ),
 - 	('', , , ),
 - 	('', , , ),
 - 	('', , , ),
 - 	('', , , ),
 - 	('', , , ),
 - 	('', , , ),
 - 	('', , , ),
 - 	('', , , ),
 - 	('', , , ),
 - 	('', , , ),
 - 	('', , , ),
 - 	('', , , ),
 - 	('', , , ),
 - 	('', , , ),
 - 	('', , , ),
 - 	('', , , ),
 - 	('', , , )
 - ON DUPLICATE KEY UPDATE rank = VALUES(rank), flags = VALUES(flags), exclude_flags = VALUES(exclude_flags), can_edit_flags = VALUES(can_edit_flags)
 - 
[2020-08-27 15:42:54.858] SQL: not connected | Query used: SELECT ckey, rank FROM admin ORDER BY rank
[2020-08-27 15:42:54.858] SQL: Error loading admins from database. Loading from backup.
[2020-08-27 16:56:27.426] SQL: Failed to connect to database while loading admins. Loading from backup.
[2020-08-27 16:56:27.450] SQL: not connected | Query used: SELECT ckey, rank FROM admin ORDER BY rank
[2020-08-27 16:56:27.451] SQL: Error loading admins from database. Loading from backup.
[2020-08-27 16:56:27.454] SQL: not connected | Query used: UPDATE player p INNER JOIN admin a ON p.ckey = a.ckey SET p.lastadminrank = a.rank
