[2020-08-28 16:45:02.221] Starting up round ID .
 - -------------------------
[2020-08-28 16:48:27.890] ATTACK: Centaur fired at giant radscorpion with The spit from Bunker (NEWHP: 150) (49,243,4)
[2020-08-28 16:48:27.890] ATTACK: Centaur shot super mutant with The spit (NEWHP: 270) (51,247,4)
[2020-08-28 16:48:27.911] ATTACK: super mutant fired at feral ghoul reaver with The bullet from Wasteland (NEWHP: 100) (155,222,2)
[2020-08-28 16:48:27.913] ATTACK: protectron fired at feral ghoul with The laser beam from Bunker (NEWHP: 40) (138,241,2)
[2020-08-28 16:48:27.917] ATTACK: protectron fired at feral ghoul with The laser beam from Bunker (NEWHP: 40) (138,238,2)
[2020-08-28 16:48:28.183] ATTACK: super mutant shot feral ghoul reaver with The bullet (NEWHP: 54) (154,223,2)
[2020-08-28 16:48:29.936] ATTACK: giant radscorpion attacked super mutant (NEWHP: 270) (51,245,4)
[2020-08-28 16:48:29.940] ATTACK: super mutant attacked giant radscorpion (NEWHP: 150) (50,245,4)
[2020-08-28 16:48:29.942] ATTACK: super mutant attacked giant radscorpion (NEWHP: 91) (50,245,4)
[2020-08-28 16:48:29.944] ATTACK: super mutant attacked giant radscorpion (NEWHP: 36) (50,245,4)
[2020-08-28 16:48:29.946] ATTACK: mother deathclaw attacked molerat (NEWHP: 25) (18,120,3)
[2020-08-28 16:48:29.947] ATTACK: deathclaw attacked molerat (NEWHP: 25) (27,120,3)
[2020-08-28 16:48:29.956] ATTACK: feral dog attacked gecko (NEWHP: 40) (217,168,2)
[2020-08-28 16:48:29.961] ATTACK: gecko attacked feral dog (NEWHP: 60) (218,167,2)
[2020-08-28 16:48:29.963] ATTACK: feral ghoul attacked mr. handy (NEWHP: 160) (88,200,2)
[2020-08-28 16:48:29.964] ATTACK: feral ghoul attacked mr. handy (NEWHP: 150) (88,200,2)
[2020-08-28 16:48:29.966] ATTACK: mr. handy attacked feral ghoul (NEWHP: 40) (87,200,2)
[2020-08-28 16:48:29.967] ATTACK: feral ghoul reaver attacked super mutant (NEWHP: 400) (154,229,2)
[2020-08-28 16:48:29.968] ATTACK: super mutant attacked feral ghoul reaver (NEWHP: 54) (153,228,2)
[2020-08-28 16:48:29.971] ATTACK: protectron attacked feral ghoul (NEWHP: 40) (139,239,2)
[2020-08-28 16:48:29.985] ATTACK: feral ghoul attacked protectron (NEWHP: 160) (139,237,2)
[2020-08-28 16:48:31.991] ATTACK: feral ghoul reaver attacked feral dog (NEWHP: 60) (183,117,2)
[2020-08-28 16:48:31.997] ATTACK: feral dog attacked feral ghoul reaver (NEWHP: 100) (182,117,2)
[2020-08-28 16:48:32.001] ATTACK: feral dog attacked gecko (NEWHP: 20) (217,168,2)
[2020-08-28 16:48:32.007] ATTACK: feral ghoul attacked mr. handy (NEWHP: 140) (88,200,2)
[2020-08-28 16:48:32.009] ATTACK: feral ghoul attacked mr. handy (NEWHP: 130) (88,200,2)
[2020-08-28 16:48:32.010] ATTACK: mr. handy attacked feral ghoul (NEWHP: 40) (89,200,2)
[2020-08-28 16:48:32.012] ATTACK: protectron attacked feral ghoul (NEWHP: 31) (136,236,2)
[2020-08-28 16:48:32.014] ATTACK: protectron fired at feral ghoul with The laser beam from Bunker (NEWHP: 40) (135,239,2)
[2020-08-28 16:48:32.015] ATTACK: feral ghoul attacked protectron (NEWHP: 150) (135,236,2)
[2020-08-28 16:48:33.988] ATTACK: feral ghoul reaver attacked feral dog (NEWHP: 45) (183,117,2)
[2020-08-28 16:48:33.997] ATTACK: feral dog attacked feral ghoul reaver (NEWHP: 80) (182,117,2)
[2020-08-28 16:48:34.002] ATTACK: feral ghoul attacked mr. handy (NEWHP: 120) (88,200,2)
[2020-08-28 16:48:34.005] ATTACK: feral ghoul attacked mr. handy (NEWHP: 110) (88,200,2)
[2020-08-28 16:48:34.006] ATTACK: mr. handy attacked feral ghoul (NEWHP: 12) (89,200,2)
[2020-08-28 16:48:34.009] ATTACK: protectron attacked feral ghoul (NEWHP: 22) (136,236,2)
[2020-08-28 16:48:34.013] ATTACK: feral ghoul attacked protectron (NEWHP: 140) (135,236,2)
[2020-08-28 16:48:35.986] ATTACK: feral ghoul reaver attacked feral dog (NEWHP: 30) (183,117,2)
[2020-08-28 16:48:35.993] ATTACK: feral dog attacked feral ghoul reaver (NEWHP: 60) (182,117,2)
[2020-08-28 16:48:35.995] ATTACK: feral ghoul attacked mr. handy (NEWHP: 100) (88,200,2)
[2020-08-28 16:48:35.999] ATTACK: protectron attacked feral ghoul (NEWHP: 13) (136,236,2)
[2020-08-28 16:48:36.003] ATTACK: protectron fired at feral ghoul with The laser beam from Bunker (NEWHP: 40) (135,239,2)
[2020-08-28 16:48:36.006] ATTACK: feral ghoul attacked protectron (NEWHP: 130) (135,237,2)
[2020-08-28 16:48:36.182] ATTACK: protectron shot feral ghoul with The laser beam (NEWHP: 12) (135,239,2)
[2020-08-28 16:48:37.986] ATTACK: feral ghoul reaver attacked feral dog (NEWHP: 15) (183,117,2)
[2020-08-28 16:48:37.989] ATTACK: feral ghoul attacked mr. handy (NEWHP: 90) (88,200,2)
[2020-08-28 16:48:37.991] ATTACK: mr. handy attacked feral ghoul (NEWHP: 12) (87,200,2)
[2020-08-28 16:48:37.993] ATTACK: protectron fired at feral ghoul with The laser beam from Bunker (NEWHP: 5) (135,238,2)
[2020-08-28 16:48:37.995] ATTACK: feral ghoul attacked protectron (NEWHP: 160) (132,239,2)
[2020-08-28 16:48:37.998] ATTACK: protectron attacked feral ghoul (NEWHP: 12) (133,239,2)
[2020-08-28 16:48:38.083] ATTACK: protectron shot feral ghoul with The laser beam (NEWHP: 0) (135,239,2)
[2020-08-28 16:48:39.990] ATTACK: feral ghoul attacked protectron (NEWHP: 150) (130,241,2)
[2020-08-28 16:48:39.993] ATTACK: protectron attacked feral ghoul (NEWHP: 7) (129,240,2)
[2020-08-28 16:48:43.987] ATTACK: feral ghoul reaver attacked feral dog (NEWHP: 60) (186,121,2)
[2020-08-28 16:48:45.985] ATTACK: feral dog attacked feral ghoul reaver (NEWHP: 40) (185,120,2)
[2020-08-28 16:48:45.991] ATTACK: feral ghoul reaver attacked feral dog (NEWHP: 45) (185,121,2)
[2020-08-28 16:48:45.993] ATTACK: feral ghoul attacked giant radscorpion (NEWHP: 150) (121,242,2)
[2020-08-28 16:48:45.994] ATTACK: giant radscorpion attacked feral ghoul (NEWHP: 40) (122,241,2)
[2020-08-28 16:48:47.985] ATTACK: feral dog attacked feral ghoul reaver (NEWHP: 20) (185,120,2)
[2020-08-28 16:48:47.991] ATTACK: feral ghoul attacked giant radscorpion (NEWHP: 140) (121,242,2)
[2020-08-28 16:48:47.993] ATTACK: giant radscorpion attacked feral ghoul (NEWHP: 5) (122,241,2)
[2020-08-28 16:48:54.004] ATTACK: feral dog attacked feral ghoul (NEWHP: 40) (184,133,2)
[2020-08-28 16:48:56.084] ATTACK: feral ghoul attacked feral dog (NEWHP: 30) (184,132,2)
[2020-08-28 16:48:56.091] ATTACK: feral dog attacked feral ghoul (NEWHP: 20) (184,133,2)
[2020-08-28 16:48:58.089] ATTACK: super mutant attacked giant radscorpion (NEWHP: 150) (39,244,4)
[2020-08-28 16:49:00.093] ATTACK: giant radscorpion attacked super mutant (NEWHP: 300) (38,245,4)
[2020-08-28 16:49:00.094] ATTACK: super mutant attacked giant radscorpion (NEWHP: 90) (39,244,4)
[2020-08-28 16:49:02.087] ATTACK: feral dog attacked feral ghoul (NEWHP: 40) (177,127,2)
[2020-08-28 16:49:02.090] ATTACK: giant radscorpion attacked super mutant (NEWHP: 265) (38,245,4)
[2020-08-28 16:49:02.093] ATTACK: super mutant attacked giant radscorpion (NEWHP: 42) (39,244,4)
[2020-08-28 16:49:04.084] ATTACK: feral ghoul attacked feral dog (NEWHP: 20) (178,127,2)
[2020-08-28 16:49:04.088] ATTACK: feral dog attacked feral ghoul (NEWHP: 20) (177,127,2)
[2020-08-28 18:44:10.914] ATTACK: cazador attacked brahmin (NEWHP: 50) (107,117,2)
[2020-08-28 18:44:12.913] ATTACK: cazador attacked brahmin (NEWHP: 30) (107,118,2)
[2020-08-28 18:44:14.912] ATTACK: cazador attacked brahmin (NEWHP: 10) (107,118,2)
[2020-08-28 18:44:20.913] ATTACK: cazador attacked brahmin (NEWHP: 50) (103,116,2)
[2020-08-28 18:44:22.912] ATTACK: cazador attacked brahmin (NEWHP: 30) (103,116,2)
[2020-08-28 18:44:24.917] ATTACK: cazador attacked brahmin (NEWHP: 10) (103,116,2)
[2020-08-28 18:44:30.911] ATTACK: cazador attacked brahmin (NEWHP: 50) (107,116,2)
[2020-08-28 18:44:32.912] ATTACK: cazador attacked brahmin (NEWHP: 30) (108,116,2)
[2020-08-28 18:44:34.912] ATTACK: cazador attacked brahmin (NEWHP: 10) (108,116,2)
[2020-08-28 18:44:40.915] ATTACK: cazador attacked brahmin (NEWHP: 50) (101,116,2)
[2020-08-28 18:44:42.913] ATTACK: cazador attacked brahmin (NEWHP: 30) (101,117,2)
[2020-08-28 18:44:44.913] ATTACK: cazador attacked brahmin (NEWHP: 10) (101,117,2)
[2020-08-28 18:47:46.913] ATTACK: cazador attacked Floyd Tin(ghostly98) (NEWHP: 100) (56,56,2)
[2020-08-28 18:47:48.914] ATTACK: cazador attacked Floyd Tin(ghostly98) (NEWHP: 88) (56,56,2)
[2020-08-28 18:47:50.915] ATTACK: cazador attacked Floyd Tin(ghostly98) (NEWHP: 78) (56,56,2)
[2020-08-28 18:47:52.915] ATTACK: cazador attacked Floyd Tin(ghostly98) (NEWHP: 65) (56,56,2)
[2020-08-28 18:54:29.216] ATTACK: feral ghoul reaver attacked mr. handy (NEWHP: 80) (77,196,2)
[2020-08-28 18:54:31.215] ATTACK: feral ghoul reaver attacked mr. handy (NEWHP: 65) (77,196,2)
[2020-08-28 18:54:33.212] ATTACK: feral ghoul reaver attacked mr. handy (NEWHP: 50) (77,196,2)
[2020-08-28 18:54:35.206] ATTACK: mr. handy attacked feral ghoul reaver (NEWHP: 100) (76,195,2)
[2020-08-28 18:54:35.214] ATTACK: feral ghoul reaver attacked mr. handy (NEWHP: 35) (77,196,2)
[2020-08-28 18:54:37.207] ATTACK: mr. handy attacked feral ghoul reaver (NEWHP: 72) (76,195,2)
[2020-08-28 18:54:37.217] ATTACK: feral ghoul reaver attacked mr. handy (NEWHP: 20) (77,196,2)
[2020-08-28 18:54:39.207] ATTACK: mr. handy attacked feral ghoul reaver (NEWHP: 44) (76,195,2)
[2020-08-28 18:54:39.213] ATTACK: feral ghoul reaver attacked mr. handy (NEWHP: 5) (77,196,2)
[2020-08-28 18:54:41.208] ATTACK: feral ghoul attacked mr. handy (NEWHP: 160) (159,161,2)
[2020-08-28 18:54:41.211] ATTACK: mr. handy attacked feral ghoul (NEWHP: 40) (159,160,2)
[2020-08-28 18:54:41.213] ATTACK: mr. handy attacked feral ghoul (NEWHP: 12) (159,160,2)
[2020-08-28 19:00:25.216] ATTACK: Floyd Tin(ghostly98) fired at Raider with The bullet from Building (NEWHP: 140) (82,48,2)
[2020-08-28 19:00:25.508] ATTACK: Floyd Tin(ghostly98) shot Raider with The bullet (NEWHP: 105) (82,49,2)
[2020-08-28 19:00:25.793] ATTACK: Floyd Tin(ghostly98) fired at floor with The bullet from Building (82,48,2)
[2020-08-28 19:00:25.906] ATTACK: Floyd Tin(ghostly98) shot Raider with The bullet (NEWHP: 70) (83,50,2)
[2020-08-28 19:00:26.359] ATTACK: Floyd Tin(ghostly98) fired at floor with The bullet from Building (83,50,2)
[2020-08-28 19:00:26.456] ATTACK: Floyd Tin(ghostly98) shot Raider with The bullet (NEWHP: 35) (83,52,2)
[2020-08-28 19:00:27.060] ATTACK: Floyd Tin(ghostly98) fired at floor with The bullet from Wasteland (83,52,2)
[2020-08-28 19:00:33.323] ATTACK: Floyd Tin(ghostly98) fired at Raider with The bullet from Wasteland (NEWHP: 35) (83,54,2)
[2020-08-28 19:00:33.429] ATTACK: Floyd Tin(ghostly98) shot Raider with The bullet (NEWHP: 0) 
[2020-08-28 19:00:33.430] ATTACK: Floyd Tin(ghostly98) shot Raider with The bullet (NEWHP: 0) 
[2020-08-28 19:00:51.205] ATTACK: Floyd Tin(ghostly98) stripped the skull helmet off Unknown (NEWHP: 100) (83,54,2)
[2020-08-28 19:01:17.207] ATTACK: Raider fired at Floyd Tin(ghostly98) with The bullet from Building (NEWHP: 100) (86,54,2)
[2020-08-28 19:01:17.832] ATTACK: Floyd Tin(ghostly98) fired at Raider with The bullet from Building (NEWHP: 140) (87,54,2)
[2020-08-28 19:01:17.833] ATTACK: Floyd Tin(ghostly98) shot Raider with The bullet (NEWHP: 105) (87,54,2)
[2020-08-28 19:01:19.210] ATTACK: Raider attacked Floyd Tin(ghostly98) (NEWHP: 100) (84,54,2)
[2020-08-28 19:01:21.207] ATTACK: Raider attacked Floyd Tin(ghostly98) (NEWHP: 82.45) (80,57,2)
[2020-08-28 19:01:23.207] ATTACK: Raider attacked Floyd Tin(ghostly98) (NEWHP: 57.25) (78,60,2)
[2020-08-28 19:01:23.210] ATTACK: Raider attacked Floyd Tin(ghostly98) (NEWHP: 35.2) (78,60,2)
[2020-08-28 19:01:25.318] ATTACK: Raider attacked Floyd Tin(ghostly98) (NEWHP: 17.8) (74,61,2)
[2020-08-28 19:01:25.320] ATTACK: Raider attacked Floyd Tin(ghostly98) (NEWHP: -0.649994) (74,61,2)
[2020-08-28 19:01:27.319] ATTACK: Raider attacked Floyd Tin(ghostly98) (NEWHP: -21.8) (73,61,2)
