[2020-08-27 15:30:13.431] Starting up round ID .
 - -------------------------
[2020-08-27 15:33:43.445] ATTACK: Centaur fired at giant radscorpion with The spit from Bunker (NEWHP: 150) (53,242,4)
[2020-08-27 15:33:43.449] ATTACK: mother deathclaw attacked molerat (NEWHP: 25) (18,119,3)
[2020-08-27 15:33:43.472] ATTACK: super mutant fired at feral ghoul reaver with The bullet from Wasteland (NEWHP: 100) (155,222,2)
[2020-08-27 15:33:43.483] ATTACK: protectron fired at feral ghoul with The laser beam from Bunker (NEWHP: 40) (138,241,2)
[2020-08-27 15:33:43.485] ATTACK: protectron fired at feral ghoul with The laser beam from Bunker (NEWHP: 40) (138,238,2)
[2020-08-27 15:33:43.737] ATTACK: super mutant shot feral ghoul reaver with The bullet (NEWHP: 54) (154,223,2)
[2020-08-27 15:33:45.488] ATTACK: super mutant attacked giant radscorpion (NEWHP: 150) (49,244,4)
[2020-08-27 15:33:45.498] ATTACK: deathclaw attacked molerat (NEWHP: 25) (27,120,3)
[2020-08-27 15:33:45.516] ATTACK: feral dog attacked gecko (NEWHP: 40) (217,169,2)
[2020-08-27 15:33:45.520] ATTACK: feral ghoul attacked mr. handy (NEWHP: 160) (89,202,2)
[2020-08-27 15:33:45.524] ATTACK: mr. handy attacked feral ghoul (NEWHP: 40) (90,202,2)
[2020-08-27 15:33:45.533] ATTACK: feral ghoul reaver attacked super mutant (NEWHP: 400) (154,229,2)
[2020-08-27 15:33:45.535] ATTACK: super mutant attacked feral ghoul reaver (NEWHP: 54) (153,228,2)
[2020-08-27 15:33:45.541] ATTACK: feral ghoul attacked protectron (NEWHP: 160) (137,238,2)
[2020-08-27 15:33:47.533] ATTACK: giant radscorpion attacked super mutant (NEWHP: 300) (51,245,4)
[2020-08-27 15:33:47.542] ATTACK: Centaur fired at giant radscorpion with The spit from Bunker (NEWHP: 89) (50,244,4)
[2020-08-27 15:33:47.545] ATTACK: super mutant attacked giant radscorpion (NEWHP: 89) (50,244,4)
[2020-08-27 15:33:47.549] ATTACK: super mutant attacked giant radscorpion (NEWHP: 36) (50,244,4)
[2020-08-27 15:33:47.617] ATTACK: feral dog attacked gecko (NEWHP: 20) (217,169,2)
[2020-08-27 15:33:47.621] ATTACK: feral ghoul attacked mr. handy (NEWHP: 150) (89,202,2)
[2020-08-27 15:33:47.626] ATTACK: feral ghoul attacked mr. handy (NEWHP: 140) (89,202,2)
[2020-08-27 15:33:47.628] ATTACK: mr. handy attacked feral ghoul (NEWHP: 12) (90,202,2)
[2020-08-27 15:33:47.649] ATTACK: feral ghoul reaver attacked super mutant (NEWHP: 400) (158,228,2)
[2020-08-27 15:33:47.651] ATTACK: super mutant attacked feral ghoul reaver (NEWHP: 4) (157,228,2)
[2020-08-27 15:33:47.656] ATTACK: protectron fired at feral ghoul with The laser beam from Bunker (NEWHP: 40) (135,239,2)
[2020-08-27 15:33:47.660] ATTACK: feral ghoul attacked protectron (NEWHP: 150) (138,237,2)
[2020-08-27 15:33:47.664] ATTACK: protectron fired at feral ghoul with The laser beam from Bunker (NEWHP: 40) (138,238,2)
[2020-08-27 15:33:47.747] ATTACK: Centaur shot super mutant with The spit (NEWHP: 270) (50,245,4)
[2020-08-27 15:33:49.717] ATTACK: feral ghoul attacked mr. handy (NEWHP: 130) (89,202,2)
[2020-08-27 15:33:49.721] ATTACK: feral ghoul attacked protectron (NEWHP: 140) (137,238,2)
[2020-08-27 15:33:51.759] ATTACK: feral dog attacked feral ghoul (NEWHP: 40) (184,133,2)
[2020-08-27 15:33:51.763] ATTACK: feral ghoul attacked mr. handy (NEWHP: 120) (89,202,2)
[2020-08-27 15:33:51.767] ATTACK: mr. handy attacked feral ghoul (NEWHP: 40) (88,202,2)
[2020-08-27 15:33:51.769] ATTACK: protectron fired at feral ghoul with The laser beam from Bunker (NEWHP: 40) (135,239,2)
[2020-08-27 15:33:51.770] ATTACK: protectron shot feral ghoul with The laser beam (NEWHP: 12) (138,237,2)
[2020-08-27 15:33:51.772] ATTACK: feral ghoul attacked protectron (NEWHP: 130) (138,236,2)
[2020-08-27 15:33:51.778] ATTACK: protectron fired at feral ghoul with The laser beam from Bunker (NEWHP: 12) (138,237,2)
[2020-08-27 15:33:53.800] ATTACK: feral ghoul attacked feral dog (NEWHP: 60) (184,132,2)
[2020-08-27 15:33:53.810] ATTACK: feral dog attacked feral ghoul (NEWHP: 20) (184,133,2)
[2020-08-27 15:33:53.813] ATTACK: feral ghoul attacked mr. handy (NEWHP: 110) (89,201,2)
[2020-08-27 15:33:53.815] ATTACK: mr. handy attacked feral ghoul (NEWHP: 12) (88,202,2)
[2020-08-27 15:33:53.816] ATTACK: protectron attacked feral ghoul (NEWHP: 40) (135,239,2)
[2020-08-27 15:33:53.818] ATTACK: feral ghoul attacked protectron (NEWHP: 120) (136,238,2)
[2020-08-27 15:33:53.825] ATTACK: feral ghoul attacked protectron (NEWHP: 110) (136,238,2)
[2020-08-27 15:33:55.871] ATTACK: protectron attacked feral ghoul (NEWHP: 30) (137,236,2)
[2020-08-27 15:33:55.874] ATTACK: feral ghoul attacked protectron (NEWHP: 100) (138,235,2)
[2020-08-27 15:33:55.876] ATTACK: protectron fired at feral ghoul with The laser beam from Bunker (NEWHP: 12) (138,236,2)
[2020-08-27 15:33:55.876] ATTACK: protectron shot feral ghoul with The laser beam (NEWHP: 0) (137,236,2)
[2020-08-27 15:33:57.921] ATTACK: feral ghoul attacked protectron (NEWHP: 90) (138,235,2)
[2020-08-27 15:33:59.918] ATTACK: feral dog attacked feral ghoul (NEWHP: 40) (177,127,2)
[2020-08-27 15:33:59.926] ATTACK: protectron attacked feral ghoul (NEWHP: 12) (138,236,2)
[2020-08-27 15:33:59.927] ATTACK: feral ghoul attacked protectron (NEWHP: 80) (138,235,2)
[2020-08-27 15:33:59.928] ATTACK: protectron fired at feral ghoul with The laser beam from Bunker (NEWHP: 4) (138,236,2)
[2020-08-27 15:34:00.011] ATTACK: protectron shot feral ghoul with The laser beam (NEWHP: 0) (138,236,2)
[2020-08-27 15:34:01.911] ATTACK: feral ghoul attacked feral dog (NEWHP: 50) (178,127,2)
[2020-08-27 15:34:01.922] ATTACK: feral dog attacked feral ghoul (NEWHP: 20) (177,127,2)
[2020-08-27 15:34:01.926] ATTACK: mr. handy attacked feral ghoul (NEWHP: 40) (97,199,2)
[2020-08-27 15:34:01.931] ATTACK: feral ghoul attacked giant radscorpion (NEWHP: 150) (121,242,2)
[2020-08-27 15:34:01.932] ATTACK: giant radscorpion attacked feral ghoul (NEWHP: 40) (122,241,2)
[2020-08-27 15:34:03.911] ATTACK: feral ghoul attacked mr. handy (NEWHP: 100) (96,199,2)
[2020-08-27 15:34:03.922] ATTACK: mr. handy attacked feral ghoul (NEWHP: 12) (97,199,2)
[2020-08-27 15:34:03.925] ATTACK: feral ghoul attacked giant radscorpion (NEWHP: 140) (121,242,2)
[2020-08-27 15:34:03.926] ATTACK: giant radscorpion attacked feral ghoul (NEWHP: 5) (122,241,2)
[2020-08-27 15:34:13.919] ATTACK: super mutant attacked giant radscorpion (NEWHP: 150) (39,244,4)
[2020-08-27 15:34:15.911] ATTACK: giant radscorpion attacked super mutant (NEWHP: 300) (38,245,4)
[2020-08-27 15:34:15.914] ATTACK: super mutant attacked giant radscorpion (NEWHP: 89) (39,244,4)
[2020-08-27 15:34:17.911] ATTACK: giant radscorpion attacked super mutant (NEWHP: 265) (38,245,4)
[2020-08-27 15:34:17.913] ATTACK: super mutant attacked giant radscorpion (NEWHP: 24) (39,244,4)
[2020-08-27 15:37:01.024] ATTACK: super mutant attacked giant radscorpion (NEWHP: 150) (52,243,4)
[2020-08-27 15:37:03.025] ATTACK: super mutant attacked giant radscorpion (NEWHP: 91) (52,243,4)
[2020-08-27 15:37:05.025] ATTACK: super mutant attacked giant radscorpion (NEWHP: 36) (52,243,4)
