[2020-08-27 23:07:09.608] Starting up round ID .
 - -------------------------
[2020-08-27 23:10:37.964] ATTACK: Centaur fired at giant radscorpion with The spit from Bunker (NEWHP: 150) (49,243,4)
[2020-08-27 23:10:37.968] ATTACK: mother deathclaw attacked molerat (NEWHP: 25) (18,119,3)
[2020-08-27 23:10:37.985] ATTACK: super mutant fired at feral ghoul reaver with The bullet from Wasteland (NEWHP: 100) (155,222,2)
[2020-08-27 23:10:37.987] ATTACK: protectron attacked feral ghoul (NEWHP: 40) (138,238,2)
[2020-08-27 23:10:37.988] ATTACK: feral ghoul attacked protectron (NEWHP: 160) (137,237,2)
[2020-08-27 23:10:37.991] ATTACK: protectron fired at feral ghoul with The laser beam from Bunker (NEWHP: 34) (138,238,2)
[2020-08-27 23:10:38.058] ATTACK: Centaur shot super mutant with The spit (NEWHP: 270) (51,247,4)
[2020-08-27 23:10:38.260] ATTACK: super mutant shot feral ghoul reaver with The bullet (NEWHP: 54) (154,223,2)
[2020-08-27 23:10:39.966] ATTACK: super mutant attacked giant radscorpion (NEWHP: 150) (49,244,4)
[2020-08-27 23:10:39.971] ATTACK: super mutant attacked giant radscorpion (NEWHP: 88) (49,244,4)
[2020-08-27 23:10:39.975] ATTACK: deathclaw attacked molerat (NEWHP: 25) (27,120,3)
[2020-08-27 23:10:39.986] ATTACK: feral dog attacked gecko (NEWHP: 40) (217,168,2)
[2020-08-27 23:10:39.989] ATTACK: gecko attacked feral dog (NEWHP: 60) (218,167,2)
[2020-08-27 23:10:39.992] ATTACK: feral ghoul attacked mr. handy (NEWHP: 160) (88,200,2)
[2020-08-27 23:10:39.994] ATTACK: feral ghoul attacked mr. handy (NEWHP: 150) (88,200,2)
[2020-08-27 23:10:39.995] ATTACK: mr. handy attacked feral ghoul (NEWHP: 40) (87,200,2)
[2020-08-27 23:10:39.996] ATTACK: feral ghoul reaver attacked super mutant (NEWHP: 400) (154,229,2)
[2020-08-27 23:10:39.998] ATTACK: super mutant attacked feral ghoul reaver (NEWHP: 54) (153,228,2)
[2020-08-27 23:10:40.009] ATTACK: protectron attacked feral ghoul (NEWHP: 34) (139,236,2)
[2020-08-27 23:10:40.010] ATTACK: feral ghoul attacked protectron (NEWHP: 150) (140,236,2)
[2020-08-27 23:10:42.011] ATTACK: super mutant attacked giant radscorpion (NEWHP: 43) (50,244,4)
[2020-08-27 23:10:42.024] ATTACK: feral dog attacked gecko (NEWHP: 20) (217,168,2)
[2020-08-27 23:10:42.029] ATTACK: feral ghoul attacked mr. handy (NEWHP: 140) (88,200,2)
[2020-08-27 23:10:42.030] ATTACK: feral ghoul attacked mr. handy (NEWHP: 130) (88,200,2)
[2020-08-27 23:10:42.032] ATTACK: mr. handy attacked feral ghoul (NEWHP: 12) (87,200,2)
[2020-08-27 23:10:42.035] ATTACK: protectron fired at feral ghoul with The laser beam from Bunker (NEWHP: 26) (139,236,2)
[2020-08-27 23:10:42.036] ATTACK: protectron shot feral ghoul with The laser beam (NEWHP: 12) (140,236,2)
[2020-08-27 23:10:42.038] ATTACK: feral ghoul attacked protectron (NEWHP: 140) (140,235,2)
[2020-08-27 23:10:42.039] ATTACK: feral ghoul attacked protectron (NEWHP: 130) (140,235,2)
[2020-08-27 23:10:44.018] ATTACK: feral dog attacked feral ghoul (NEWHP: 40) (184,133,2)
[2020-08-27 23:10:44.023] ATTACK: feral ghoul attacked mr. handy (NEWHP: 120) (88,200,2)
[2020-08-27 23:10:44.025] ATTACK: protectron attacked feral ghoul (NEWHP: 26) (139,236,2)
[2020-08-27 23:10:44.030] ATTACK: feral ghoul attacked protectron (NEWHP: 120) (140,235,2)
[2020-08-27 23:10:46.010] ATTACK: feral ghoul attacked feral dog (NEWHP: 60) (184,132,2)
[2020-08-27 23:10:46.020] ATTACK: feral dog attacked feral ghoul (NEWHP: 20) (184,133,2)
[2020-08-27 23:10:46.022] ATTACK: feral ghoul attacked mr. handy (NEWHP: 110) (88,200,2)
[2020-08-27 23:10:46.025] ATTACK: protectron attacked feral ghoul (NEWHP: 12) (140,236,2)
[2020-08-27 23:10:46.030] ATTACK: feral ghoul attacked protectron (NEWHP: 110) (140,235,2)
[2020-08-27 23:10:48.016] ATTACK: feral ghoul attacked mr. handy (NEWHP: 100) (94,199,2)
[2020-08-27 23:10:48.018] ATTACK: protectron attacked feral ghoul (NEWHP: 7) (140,236,2)
[2020-08-27 23:10:50.015] ATTACK: feral ghoul attacked mr. handy (NEWHP: 90) (96,199,2)
[2020-08-27 23:10:50.016] ATTACK: mr. handy attacked feral ghoul (NEWHP: 40) (95,199,2)
[2020-08-27 23:10:52.016] ATTACK: feral dog attacked feral ghoul (NEWHP: 40) (177,127,2)
[2020-08-27 23:10:52.018] ATTACK: feral ghoul attacked mr. handy (NEWHP: 80) (96,199,2)
[2020-08-27 23:10:52.020] ATTACK: mr. handy attacked feral ghoul (NEWHP: 12) (95,199,2)
[2020-08-27 23:10:52.022] ATTACK: protectron attacked feral ghoul (NEWHP: 17) (140,238,2)
[2020-08-27 23:10:52.023] ATTACK: feral ghoul attacked protectron (NEWHP: 100) (140,239,2)
[2020-08-27 23:10:54.009] ATTACK: feral ghoul attacked feral dog (NEWHP: 50) (178,127,2)
[2020-08-27 23:10:54.018] ATTACK: feral dog attacked feral ghoul (NEWHP: 20) (177,127,2)
[2020-08-27 23:10:54.022] ATTACK: protectron attacked feral ghoul (NEWHP: 12) (139,241,2)
[2020-08-27 23:10:54.024] ATTACK: feral ghoul attacked protectron (NEWHP: 90) (139,242,2)
[2020-08-27 23:10:56.019] ATTACK: protectron fired at feral ghoul with The laser beam from Bunker (NEWHP: 4) (136,242,2)
[2020-08-27 23:10:56.020] ATTACK: protectron attacked feral ghoul (NEWHP: 4) (136,242,2)
[2020-08-27 23:10:56.022] ATTACK: feral ghoul attacked giant radscorpion (NEWHP: 150) (121,242,2)
[2020-08-27 23:10:56.024] ATTACK: giant radscorpion attacked feral ghoul (NEWHP: 40) (122,241,2)
[2020-08-27 23:10:58.020] ATTACK: mr. handy attacked feral ghoul (NEWHP: 40) (98,199,2)
[2020-08-27 23:10:58.023] ATTACK: feral ghoul attacked giant radscorpion (NEWHP: 140) (121,242,2)
[2020-08-27 23:10:58.024] ATTACK: giant radscorpion attacked feral ghoul (NEWHP: 5) (122,241,2)
[2020-08-27 23:11:00.012] ATTACK: feral ghoul attacked mr. handy (NEWHP: 70) (97,199,2)
[2020-08-27 23:11:00.024] ATTACK: mr. handy attacked feral ghoul (NEWHP: 12) (98,199,2)
[2020-08-27 23:11:08.062] ATTACK: super mutant attacked giant radscorpion (NEWHP: 150) (39,244,4)
[2020-08-27 23:11:10.059] ATTACK: giant radscorpion attacked super mutant (NEWHP: 300) (38,245,4)
[2020-08-27 23:11:10.062] ATTACK: super mutant attacked giant radscorpion (NEWHP: 89) (39,244,4)
[2020-08-27 23:11:12.059] ATTACK: giant radscorpion attacked super mutant (NEWHP: 265) (38,245,4)
[2020-08-27 23:11:12.063] ATTACK: super mutant attacked giant radscorpion (NEWHP: 25) (39,244,4)
[2020-08-27 23:12:40.062] ATTACK: super mutant attacked giant radscorpion (NEWHP: 150) (52,243,4)
[2020-08-27 23:12:42.062] ATTACK: super mutant attacked giant radscorpion (NEWHP: 98) (52,243,4)
[2020-08-27 23:12:44.059] ATTACK: giant radscorpion attacked super mutant (NEWHP: 300) (51,242,4)
[2020-08-27 23:12:44.060] ATTACK: super mutant attacked giant radscorpion (NEWHP: 38) (52,243,4)
[2020-08-27 23:17:07.141] ATTACK: feral dog attacked feral ghoul reaver (NEWHP: 100) (182,117,2)
[2020-08-27 23:17:07.144] ATTACK: feral ghoul reaver attacked feral dog (NEWHP: 60) (183,117,2)
[2020-08-27 23:17:09.139] ATTACK: feral dog attacked feral ghoul reaver (NEWHP: 80) (182,117,2)
[2020-08-27 23:17:09.140] ATTACK: feral ghoul reaver attacked feral dog (NEWHP: 45) (183,117,2)
[2020-08-27 23:17:11.139] ATTACK: feral dog attacked feral ghoul reaver (NEWHP: 60) (182,117,2)
[2020-08-27 23:17:11.141] ATTACK: feral ghoul reaver attacked feral dog (NEWHP: 30) (183,117,2)
[2020-08-27 23:17:13.140] ATTACK: feral dog attacked feral ghoul reaver (NEWHP: 40) (182,117,2)
[2020-08-27 23:17:13.141] ATTACK: feral ghoul reaver attacked feral dog (NEWHP: 15) (183,117,2)
[2020-08-27 23:19:49.290] ATTACK: feral ghoul reaver attacked mr. handy (NEWHP: 160) (138,146,2)
[2020-08-27 23:19:49.291] ATTACK: big horner attacked big horner (NEWHP: 120) (66,243,2)
[2020-08-27 23:19:49.293] ATTACK: mr. handy attacked feral ghoul reaver (NEWHP: 100) (137,146,2)
[2020-08-27 23:19:51.290] ATTACK: feral ghoul reaver attacked mr. handy (NEWHP: 145) (138,146,2)
[2020-08-27 23:19:51.291] ATTACK: big horner attacked big horner (NEWHP: 97) (66,243,2)
[2020-08-27 23:19:51.294] ATTACK: mr. handy attacked feral ghoul reaver (NEWHP: 72) (137,146,2)
[2020-08-27 23:19:53.289] ATTACK: big horner attacked big horner (NEWHP: 120) (67,243,2)
[2020-08-27 23:19:53.291] ATTACK: feral ghoul reaver attacked mr. handy (NEWHP: 130) (138,146,2)
[2020-08-27 23:19:53.292] ATTACK: big horner attacked big horner (NEWHP: 74) (66,243,2)
[2020-08-27 23:19:53.294] ATTACK: mr. handy attacked feral ghoul reaver (NEWHP: 44) (137,146,2)
[2020-08-27 23:19:55.290] ATTACK: big horner attacked big horner (NEWHP: 95) (67,243,2)
[2020-08-27 23:19:55.293] ATTACK: feral ghoul reaver attacked mr. handy (NEWHP: 115) (138,146,2)
[2020-08-27 23:19:55.293] ATTACK: big horner attacked big horner (NEWHP: 50) (66,243,2)
[2020-08-27 23:19:55.295] ATTACK: mr. handy attacked feral ghoul reaver (NEWHP: 16) (137,146,2)
[2020-08-27 23:19:57.291] ATTACK: big horner attacked big horner (NEWHP: 71) (67,243,2)
[2020-08-27 23:19:57.293] ATTACK: big horner attacked big horner (NEWHP: 26) (66,243,2)
[2020-08-27 23:19:59.290] ATTACK: big horner attacked big horner (NEWHP: 49) (67,243,2)
[2020-08-27 23:19:59.293] ATTACK: big horner attacked big horner (NEWHP: 3) (66,243,2)
[2020-08-27 23:20:05.290] ATTACK: big horner attacked big horner (NEWHP: 120) (70,248,2)
[2020-08-27 23:20:09.289] ATTACK: big horner attacked big horner (NEWHP: 97) (70,249,2)
[2020-08-27 23:20:11.289] ATTACK: big horner attacked big horner (NEWHP: 73) (70,249,2)
[2020-08-27 23:20:13.289] ATTACK: big horner attacked big horner (NEWHP: 24) (70,248,2)
[2020-08-27 23:20:13.291] ATTACK: big horner attacked big horner (NEWHP: 48) (70,249,2)
[2020-08-27 23:20:15.290] ATTACK: big horner attacked big horner (NEWHP: 1) (70,248,2)
[2020-08-27 23:22:24.390] ATTACK: giant radscorpion attacked radroach (NEWHP: 40) (83,190,3)
[2020-08-27 23:22:26.387] ATTACK: radroach attacked giant rad scorpion (NEWHP: 150) (82,192,3)
[2020-08-27 23:22:26.389] ATTACK: giant rad scorpion attacked radroach (NEWHP: 5) (83,191,3)
[2020-08-27 23:23:46.388] ATTACK: giant rad scorpion attacked radroach (NEWHP: 40) (88,189,3)
[2020-08-27 23:23:48.387] ATTACK: radroach attacked giant rad scorpion (NEWHP: 140) (87,189,3)
[2020-08-27 23:23:48.388] ATTACK: giant rad scorpion attacked radroach (NEWHP: 28) (88,189,3)
[2020-08-27 23:23:50.387] ATTACK: radroach attacked giant rad scorpion (NEWHP: 130) (87,189,3)
[2020-08-27 23:23:50.389] ATTACK: giant rad scorpion attacked radroach (NEWHP: 16) (88,189,3)
[2020-08-27 23:23:52.389] ATTACK: giant radscorpion attacked radroach (NEWHP: 40) (90,188,3)
[2020-08-27 23:23:54.389] ATTACK: radroach attacked giant radscorpion (NEWHP: 150) (89,189,3)
[2020-08-27 23:23:54.393] ATTACK: giant radscorpion attacked radroach (NEWHP: 5) (90,188,3)
[2020-08-27 23:25:36.663] ATTACK: mr. gutsy fired at super mutant with The plasma bolt from Bunker (NEWHP: 300) (63,229,4)
[2020-08-27 23:25:36.857] ATTACK: mr. gutsy fired at super mutant with The plasma bolt from Bunker (NEWHP: 300) (63,229,4)
[2020-08-27 23:25:37.056] ATTACK: mr. gutsy fired at super mutant with The plasma bolt from Bunker (NEWHP: 300) (63,229,4)
[2020-08-27 23:25:40.658] ATTACK: super mutant attacked deathclaw (NEWHP: 550) (229,232,4)
[2020-08-27 23:25:40.660] ATTACK: deathclaw attacked super mutant (NEWHP: 300) (230,232,4)
[2020-08-27 23:25:42.660] ATTACK: super mutant attacked deathclaw (NEWHP: 504) (229,232,4)
[2020-08-27 23:25:42.663] ATTACK: deathclaw attacked super mutant (NEWHP: 237) (230,232,4)
[2020-08-27 23:25:44.659] ATTACK: super mutant attacked deathclaw (NEWHP: 450) (229,232,4)
[2020-08-27 23:25:44.661] ATTACK: deathclaw attacked super mutant (NEWHP: 173) (230,232,4)
[2020-08-27 23:25:46.659] ATTACK: super mutant attacked deathclaw (NEWHP: 388) (229,232,4)
[2020-08-27 23:25:46.661] ATTACK: deathclaw attacked super mutant (NEWHP: 109) (230,232,4)
[2020-08-27 23:25:48.659] ATTACK: super mutant attacked deathclaw (NEWHP: 342) (229,232,4)
[2020-08-27 23:25:48.661] ATTACK: deathclaw attacked super mutant (NEWHP: 46) (230,232,4)
[2020-08-27 23:27:30.927] ATTACK: mr. handy attacked feral ghoul (NEWHP: 40) (159,160,2)
[2020-08-27 23:27:30.928] ATTACK: feral ghoul attacked mr. handy (NEWHP: 160) (159,161,2)
[2020-08-27 23:27:32.926] ATTACK: mr. handy attacked feral ghoul (NEWHP: 12) (159,160,2)
[2020-08-27 23:27:52.928] ATTACK: cazador attacked brahmin (NEWHP: 50) (107,117,2)
[2020-08-27 23:27:54.928] ATTACK: cazador attacked brahmin (NEWHP: 30) (107,117,2)
[2020-08-27 23:27:56.927] ATTACK: cazador attacked brahmin (NEWHP: 10) (107,117,2)
[2020-08-27 23:28:02.927] ATTACK: cazador attacked brahmin (NEWHP: 50) (107,118,2)
[2020-08-27 23:28:04.927] ATTACK: cazador attacked brahmin (NEWHP: 30) (107,118,2)
[2020-08-27 23:28:06.929] ATTACK: cazador attacked brahmin (NEWHP: 10) (107,118,2)
[2020-08-27 23:28:12.927] ATTACK: cazador attacked brahmin (NEWHP: 50) (102,117,2)
[2020-08-27 23:28:14.928] ATTACK: cazador attacked brahmin (NEWHP: 30) (102,117,2)
[2020-08-27 23:28:17.145] ATTACK: cazador attacked brahmin (NEWHP: 10) (102,117,2)
[2020-08-27 23:28:23.128] ATTACK: feral ghoul attacked cazador (NEWHP: 40) (82,130,2)
[2020-08-27 23:28:23.129] ATTACK: cazador attacked brahmin (NEWHP: 50) (105,116,2)
[2020-08-27 23:28:25.128] ATTACK: feral ghoul attacked mr. handy(ghostly98) (NEWHP: 300) (70,164,2)
[2020-08-27 23:28:25.129] ATTACK: feral ghoul attacked cazador (NEWHP: 30) (82,130,2)
[2020-08-27 23:28:25.130] ATTACK: cazador attacked brahmin (NEWHP: 30) (105,116,2)
[2020-08-27 23:28:25.660] ATTACK: mr. handy(ghostly98) attacked feral ghoul (NEWHP: 40) (70,165,2)
[2020-08-27 23:28:26.506] ATTACK: mr. handy(ghostly98) attacked feral ghoul (NEWHP: 12) (70,164,2)
[2020-08-27 23:28:27.128] ATTACK: cazador attacked feral ghoul (NEWHP: 40) (82,131,2)
[2020-08-27 23:28:27.129] ATTACK: feral ghoul attacked mr. handy(ghostly98) (NEWHP: 300) (70,163,2)
[2020-08-27 23:28:27.130] ATTACK: feral ghoul attacked cazador (NEWHP: 20) (82,130,2)
[2020-08-27 23:28:27.131] ATTACK: cazador attacked brahmin (NEWHP: 10) (105,116,2)
[2020-08-27 23:28:27.557] ATTACK: mr. handy(ghostly98) attacked feral ghoul (NEWHP: 40) (70,163,2)
[2020-08-27 23:28:28.464] ATTACK: mr. handy(ghostly98) attacked feral ghoul (NEWHP: 12) (70,163,2)
[2020-08-27 23:28:29.127] ATTACK: cazador attacked feral ghoul (NEWHP: 20) (82,131,2)
[2020-08-27 23:28:36.632] ATTACK: mr. handy(ghostly98) attacked feral ghoul (NEWHP: 40) (72,175,2)
[2020-08-27 23:28:37.568] ATTACK: mr. handy(ghostly98) attacked feral ghoul (NEWHP: 12) (72,175,2)
[2020-08-27 23:28:38.504] ATTACK: mr. handy(ghostly98) attacked feral ghoul (NEWHP: 0) (72,175,2)
[2020-08-27 23:28:39.126] ATTACK: feral ghoul attacked mr. handy(ghostly98) (NEWHP: 300) (72,174,2)
[2020-08-27 23:28:39.464] ATTACK: mr. handy(ghostly98) attacked feral ghoul (NEWHP: 0) (72,175,2)
[2020-08-27 23:28:40.747] ATTACK: mr. handy(ghostly98) attacked feral ghoul (NEWHP: 0) (72,175,2)
[2020-08-27 23:28:41.126] ATTACK: feral ghoul attacked mr. handy(ghostly98) (NEWHP: 300) (71,174,2)
[2020-08-27 23:28:42.065] ATTACK: mr. handy(ghostly98) attacked feral ghoul (NEWHP: 40) (72,175,2)
[2020-08-27 23:28:43.112] ATTACK: mr. handy(ghostly98) attacked feral ghoul (NEWHP: 0) (72,175,2)
[2020-08-27 23:28:43.128] ATTACK: feral ghoul attacked mr. handy(ghostly98) (NEWHP: 300) (71,174,2)
[2020-08-27 23:28:44.065] ATTACK: mr. handy(ghostly98) attacked feral ghoul (NEWHP: 0) (72,175,2)
[2020-08-27 23:28:45.128] ATTACK: feral ghoul attacked mr. handy(ghostly98) (NEWHP: 300) (71,174,2)
[2020-08-27 23:28:47.089] ATTACK: mr. handy(ghostly98) attacked feral ghoul (NEWHP: 12) (72,175,2)
[2020-08-27 23:28:51.824] ATTACK: mr. handy(ghostly98) grabbed feral ghoul with passive grab (NEWHP: 0) (72,175,2)
[2020-08-27 23:36:42.361] ATTACK: feral ghoul attacked mr. handy (NEWHP: 60) (103,201,2)
[2020-08-27 23:36:46.360] ATTACK: mr. handy attacked feral ghoul (NEWHP: 40) (103,201,2)
[2020-08-27 23:36:46.361] ATTACK: feral ghoul attacked mr. handy (NEWHP: 50) (104,202,2)
[2020-08-27 23:36:48.362] ATTACK: mr. handy attacked feral ghoul (NEWHP: 12) (103,201,2)
