[2020-08-27 23:07:09.616] SQL: Failed to connect to database while loading admins. Loading from backup.
[2020-08-27 23:07:09.617] SQL: not connected | Query used: INSERT INTO admin_ranks
 - (rank, flags, exclude_flags, can_edit_flags)
 - VALUES
 - 	('', , , ),
 - 	('', , , ),
 - 	('', , , ),
 - 	('', , , ),
 - 	('', , , ),
 - 	('', , , ),
 - 	('', , , ),
 - 	('', , , ),
 - 	('', , , ),
 - 	('', , , ),
 - 	('', , , ),
 - 	('', , , ),
 - 	('', , , ),
 - 	('', , , ),
 - 	('', , , ),
 - 	('', , , ),
 - 	('', , , ),
 - 	('', , , ),
 - 	('', , , ),
 - 	('', , , ),
 - 	('', , , ),
 - 	('', , , )
 - ON DUPLICATE KEY UPDATE rank = VALUES(rank), flags = VALUES(flags), exclude_flags = VALUES(exclude_flags), can_edit_flags = VALUES(can_edit_flags)
 - 
[2020-08-27 23:07:09.620] SQL: not connected | Query used: SELECT ckey, rank FROM admin ORDER BY rank
[2020-08-27 23:07:09.621] SQL: Error loading admins from database. Loading from backup.
[2020-08-27 23:39:28.912] SQL: Failed to connect to database while loading admins. Loading from backup.
[2020-08-27 23:39:28.921] SQL: not connected | Query used: SELECT ckey, rank FROM admin ORDER BY rank
[2020-08-27 23:39:28.922] SQL: Error loading admins from database. Loading from backup.
