/turf/closed/mineral/random/low_chance => 253ms (55100) (avg:0.004591651726514101)
/mob/living/carbon/human => 153ms (4288) (avg:0.035680968314409256)
/turf/closed/indestructible/rock => 146ms (35159) (avg:0.0041525638662278652)
/obj/machinery/hydroponics/soil => 113ms (17412) (avg:0.0064897770062088966)
/turf/open/space/basic => 83ms (39781) (avg:0.0020864231046289206)
/obj/screen/healthdoll => 37ms (1706) (avg:0.021688159555196762)
/turf/closed/mineral/random/high_chance => 28ms (6351) (avg:0.0044087544083595276)
/obj/machinery/door/airlock/hatch => 28ms (946) (avg:0.029598308727145195)
/turf/closed/mineral/iron => 22ms (5041) (avg:0.004364213440567255)
/turf/closed/indestructible/riveted => 15ms (2661) (avg:0.0056369784288108349)
/obj/machinery/light => 14ms (3445) (avg:0.0040638605132699013)
/obj/machinery/hydroponics/constructable => 14ms (1739) (avg:0.0080506037920713425)
/turf/closed/wall/rust => 13ms (2364) (avg:0.0054991538636386395)
/turf/closed/wall/r_wall/rust => 10ms (2504) (avg:0.0039936103858053684)
/obj/screen/inventory/hand => 10ms (1604) (avg:0.0062344139441847801)
/obj/effect/decal/cleanable/blood/footprints => 10ms (300) (avg:0.033333335071802139)
/turf/closed/wall/f13/store => 9ms (136) (avg:0.066176474094390869)
/obj/machinery/power/solar => 7ms (1767) (avg:0.0039615165442228317)
/turf/closed/wall/r_wall/f13vault => 7ms (1360) (avg:0.0051470589824020863)
/obj/effect/decal/cleanable/trail_holder => 7ms (344) (avg:0.020348837599158287)
/turf/open/space/transit => 6ms (1621) (avg:0.0037014188710600138)
/turf/closed/mineral/plasma => 6ms (1618) (avg:0.0037082817871123552)
/obj/machinery/light/small => 4ms (1249) (avg:0.0032025619875639677)
/obj/structure/table/reinforced => 4ms (739) (avg:0.0054127196781337261)
/obj/structure/window/reinforced/fulltile => 4ms (497) (avg:0.008048289455473423)
/obj/machinery/door/airlock => 4ms (258) (avg:0.015503875911235809)
/obj/screen/parallax_layer/layer_2 => 4ms (23) (avg:0.17391304671764374)
/turf/closed/mineral/silver => 3ms (814) (avg:0.0036855037324130535)
/obj/structure/table/wood => 3ms (716) (avg:0.0041899443604052067)
/obj/effect/decal/cleanable/blood/drip => 3ms (608) (avg:0.004934210330247879)
/obj/structure/barricade/sandbags => 3ms (443) (avg:0.006772009190171957)
/turf/open/floor/carpet/black => 3ms (358) (avg:0.0083798887208104134)
/obj/machinery/power/solar_control => 3ms (260) (avg:0.011538461782038212)
/turf/closed/mineral/diamond => 3ms (254) (avg:0.011811023578047752)
/obj/machinery/iv_drip => 3ms (101) (avg:0.029702970758080482)
/obj/structure/table/glass => 3ms (66) (avg:0.045454546809196472)
/obj/machinery/door/airlock/mining => 3ms (31) (avg:0.096774190664291382)
/obj/item/storage/fancy/cigarettes/cigpack_bigboss => 3ms (27) (avg:0.1111111119389534)
/obj/screen/parallax_layer/layer_1 => 3ms (23) (avg:0.1304347813129425)
/turf/closed/mineral/gold => 2ms (689) (avg:0.0029027576092630625)
/turf/closed/mineral/titanium => 2ms (678) (avg:0.0029498524963855743)
/turf/closed/mineral/uranium => 2ms (482) (avg:0.0041493778117001057)
/turf/open/floor/plasteel => 2ms (371) (avg:0.0053908354602754116)
/turf/closed/indestructible/riveted/boss => 2ms (316) (avg:0.0063291140832006931)
/obj/machinery/computer/terminal => 2ms (249) (avg:0.0080321282148361206)
/obj/structure/closet => 2ms (234) (avg:0.0085470089688897133)
/turf/closed/mineral/bscrystal => 2ms (219) (avg:0.0091324197128415108)
/turf/closed/wall/mineral/titanium => 2ms (164) (avg:0.012195121496915817)
/turf/closed/wall/r_wall/f13superstore => 2ms (150) (avg:0.013333333656191826)
/turf/closed/wall/mineral/plastitanium => 2ms (118) (avg:0.016949152573943138)
/turf/closed/indestructible/fakeglass => 2ms (110) (avg:0.018181817606091499)
/obj/machinery/door/airlock/public/glass => 2ms (99) (avg:0.020202020183205605)
/obj/machinery/computer/secure_data => 2ms (74) (avg:0.027027027681469917)
/obj/item/reagent_containers/blood/radaway => 2ms (63) (avg:0.031746033579111099)
/obj/machinery/power/apc => 2ms (38) (avg:0.052631579339504242)
/turf/open/floor/plasteel/barber => 2ms (2) (avg:1)
/obj/structure/table => 1ms (658) (avg:0.0015197568573057652)
/turf/closed/wall/r_wall => 1ms (226) (avg:0.0044247787445783615)
/obj/structure/table/wood/settler => 1ms (223) (avg:0.0044843051582574844)
/turf/closed/indestructible => 1ms (168) (avg:0.0059523810632526875)
/turf/open/floor/f13 => 1ms (154) (avg:0.0064935064874589443)
/turf/closed/indestructible/riveted/uranium => 1ms (131) (avg:0.0076335878111422062)
/obj/machinery/firealarm => 1ms (119) (avg:0.0084033617749810219)
/obj/machinery/computer/security => 1ms (92) (avg:0.010869565419852734)
/obj/machinery/door/airlock/wood => 1ms (87) (avg:0.01149425283074379)
/turf/open/floor/holofloor/carpet => 1ms (87) (avg:0.01149425283074379)
/mob/living/carbon/human/dummy => 1ms (84) (avg:0.011904762126505375)
/obj/item/lighter => 1ms (82) (avg:0.012195121496915817)
/obj/screen/movable/action_button/hide_toggle => 1ms (80) (avg:0.012500000186264515)
/obj/machinery/door/airlock/centcom => 1ms (73) (avg:0.013698630034923553)
/obj/item/reagent_containers/glass/beaker/large => 1ms (68) (avg:0.014705882407724857)
/obj/item/reagent_containers/blood/BPlus => 1ms (65) (avg:0.015384615398943424)
/turf/closed/wall/mineral/iron => 1ms (62) (avg:0.016129031777381897)
/obj/machinery/computer/cargo => 1ms (57) (avg:0.017543859779834747)
/obj/machinery/door/airlock/command => 1ms (53) (avg:0.018867924809455872)
/obj/item/gun/ballistic/automatic/mini_uzi => 1ms (52) (avg:0.019230769947171211)
/obj/item/defibrillator/loaded => 1ms (47) (avg:0.021276595070958138)
/obj/screen/movable/action_button => 1ms (43) (avg:0.023255813866853714)
/obj/machinery/computer/operating => 1ms (35) (avg:0.02857142873108387)
/obj/structure/table/wood/poker => 1ms (31) (avg:0.032258063554763794)
/obj/machinery/door/airlock/engineering => 1ms (26) (avg:0.038461539894342422)
/obj/structure/closet/bus => 1ms (17) (avg:0.058823529630899429)
/obj/item/gun/ballistic/automatic/marksman/servicerifle/varmint => 1ms (17) (avg:0.058823529630899429)
/obj/item/storage/belt/security/full => 1ms (13) (avg:0.076923079788684845)
/obj/screen/parallax_layer/layer_3 => 1ms (12) (avg:0.083333335816860199)
/obj/machinery/chem_dispenser/drinks => 1ms (11) (avg:0.090909093618392944)
/turf/open/floor/plasteel/vault => 1ms (8) (avg:0.125)
/turf/open/indestructible/ground/inside/subway => 1ms (4) (avg:0.25)
/obj/machinery/door/airlock/engineering/glass => 1ms (4) (avg:0.25)
/mob/living/silicon/robot => 1ms (1) (avg:1)
/obj/structure/closet/secure_closet/armory1 => 1ms (1) (avg:1)
/obj/machinery/atmospherics/pipe/manifold4w/supply/hidden => 1ms (1) (avg:1)
/obj/item/gun/ballistic/shotgun/remington => 1ms (1) (avg:1)
/turf/closed/indestructible/rock/snow => 0ms (276) (avg:0)
/turf/open/floor/plasteel/dark => 0ms (240) (avg:0)
/obj/machinery/light/floor => 0ms (222) (avg:0)
/obj/item/gun/ballistic/automatic/pistol/n99 => 0ms (162) (avg:0)
/obj/structure/closet/crate/bin => 0ms (147) (avg:0)
/obj/structure/closet/cabinet => 0ms (128) (avg:0)
/obj/item/paper_bin => 0ms (99) (avg:0)
/obj/item/gun/ballistic/automatic/pistol/m1911 => 0ms (92) (avg:0)
/turf/closed/wall => 0ms (88) (avg:0)
/turf/closed/mineral/random => 0ms (76) (avg:0)
/turf/open/floor/carpet => 0ms (67) (avg:0)
/turf/open/floor/plasteel/f13 => 0ms (63) (avg:0)
/turf/open/space => 0ms (61) (avg:0)
/obj/machinery/computer/crew => 0ms (54) (avg:0)
/obj/machinery/door/airlock/medical => 0ms (54) (avg:0)
/obj/screen/zone_sel => 0ms (54) (avg:0)
/obj/structure/closet/fridge => 0ms (53) (avg:0)
/obj/item/screwdriver => 0ms (52) (avg:0)
/obj/item/wirecutters => 0ms (51) (avg:0)
/obj/machinery/power/smes/engineering => 0ms (46) (avg:0)
/obj/item/weldingtool => 0ms (43) (avg:0)
/turf/open/floor/plating/airless => 0ms (42) (avg:0)
/obj/item/reagent_containers/blood/random => 0ms (42) (avg:0)
/turf/closed/mineral/ash_rock => 0ms (42) (avg:0)
/obj/item/storage/box/drinkingglasses => 0ms (41) (avg:0)
/obj/structure/table/wood/bar => 0ms (41) (avg:0)
/turf/open/floor/plasteel/darkred/side => 0ms (40) (avg:0)
/obj/item/pda => 0ms (39) (avg:0)
/obj/machinery/computer/upload/ai => 0ms (36) (avg:0)
/obj/machinery/computer/robotics => 0ms (36) (avg:0)
/obj/machinery/computer/med_data => 0ms (36) (avg:0)
/obj/structure/table/wood/fancy => 0ms (34) (avg:0)
/obj/structure/lattice/catwalk => 0ms (33) (avg:0)
/mob/dead/observer => 0ms (32) (avg:0)
/obj/structure/table/abductor => 0ms (31) (avg:0)
/obj/item/reagent_containers/glass/beaker => 0ms (30) (avg:0)
/obj/machinery/door/airlock/abandoned => 0ms (30) (avg:0)
/turf/open/floor/plasteel/f13/vault_floor/floor => 0ms (28) (avg:0)
/obj/item/gun/energy/laser => 0ms (27) (avg:0)
/obj/structure/window/paperframe => 0ms (27) (avg:0)
/obj/item/storage/box/matches => 0ms (27) (avg:0)
/obj/machinery/door/airlock/maintenance/abandoned => 0ms (27) (avg:0)
/obj/item/storage/toolbox/mechanical => 0ms (26) (avg:0)
/obj/machinery/computer/card/centcom => 0ms (25) (avg:0)
/obj/machinery/light/small/built => 0ms (25) (avg:0)
/obj/item/reagent_containers/syringe/charcoal => 0ms (24) (avg:0)
/obj/item/reagent_containers/syringe/medx => 0ms (24) (avg:0)
/obj/machinery/light/fo13colored/Red => 0ms (23) (avg:0)
/obj/item/storage/box/handcuffs => 0ms (22) (avg:0)
/obj/machinery/light/oasis => 0ms (22) (avg:0)
/obj/structure/window/fulltile/house => 0ms (22) (avg:0)
/obj/machinery/light/fo13colored/Aqua => 0ms (21) (avg:0)
/obj/item/clipboard => 0ms (19) (avg:0)
/obj/machinery/computer/mech_bay_power_console => 0ms (19) (avg:0)
/obj/structure/window/shuttle => 0ms (19) (avg:0)
/turf/open/floor/plating => 0ms (18) (avg:0)
/turf/open/floor/plasteel/f13/vault_floor/misc/vaultrust => 0ms (18) (avg:0)
/obj/item/gun/ballistic/automatic/pistol/ninemil => 0ms (18) (avg:0)
/obj/machinery/computer/upload/borg => 0ms (18) (avg:0)
/obj/machinery/computer/aifixer => 0ms (18) (avg:0)
/obj/machinery/computer/cargo/request => 0ms (18) (avg:0)
/obj/machinery/computer/card => 0ms (18) (avg:0)
/obj/machinery/computer/rdconsole/core/vault => 0ms (18) (avg:0)
/turf/open/floor/plasteel/f13/vault_floor/floor/floorsolid => 0ms (18) (avg:0)
/obj/structure/window/plastitanium => 0ms (18) (avg:0)
/obj/item/clothing/shoes/combat => 0ms (18) (avg:0)
/obj/item/gun/ballistic/automatic/marksman/servicerifle => 0ms (17) (avg:0)
/obj/structure/closet/secure_closet/personal => 0ms (17) (avg:0)
/obj/item/gun/energy/laser/aer9 => 0ms (17) (avg:0)
/turf/open/floor/plasteel/darkblue/side => 0ms (17) (avg:0)
/obj/item/reagent_containers/blood/OMinus => 0ms (17) (avg:0)
/turf/open/floor/plasteel/f13/vault_floor/yellow/yellowchess/yellowchess2 => 0ms (17) (avg:0)
/mob/living/simple_animal/hostile/handy => 0ms (16) (avg:0)
/mob/living/simple_animal/hostile/handy/gutsy => 0ms (16) (avg:0)
/turf/open/floor/plasteel/darkred/corner => 0ms (16) (avg:0)
/obj/item/reagent_containers/blood/AMinus => 0ms (16) (avg:0)
/obj/item/reagent_containers/blood/BMinus => 0ms (16) (avg:0)
/obj/item/reagent_containers/blood/OPlus => 0ms (16) (avg:0)
/obj/item/reagent_containers/blood/lizard => 0ms (16) (avg:0)
/turf/open/indestructible/ground/outside/sidewalk => 0ms (16) (avg:0)
/obj/machinery/door/airlock/external => 0ms (16) (avg:0)
/obj/item/storage/box/survival => 0ms (16) (avg:0)
/turf/closed/wall/f13/supermart => 0ms (15) (avg:0)
/obj/machinery/computer/security/wooden_tv => 0ms (14) (avg:0)
/obj/item/stock_parts/cell => 0ms (14) (avg:0)
/obj/machinery/door/airlock/silver => 0ms (14) (avg:0)
/obj/machinery/door/airlock/security/glass => 0ms (14) (avg:0)
/obj/machinery/shower => 0ms (14) (avg:0)
/turf/open/floor/circuit/green/off => 0ms (13) (avg:0)
/turf/open/floor/plasteel/darkblue/corner => 0ms (13) (avg:0)
/obj/item/reagent_containers/syringe/epinephrine => 0ms (12) (avg:0)
/obj/item/storage/box/syringes => 0ms (12) (avg:0)
/obj/item/storage/box/gloves => 0ms (12) (avg:0)
/obj/item/gun/energy/laser/wattz => 0ms (12) (avg:0)
/turf/open/floor/plasteel/showroomfloor => 0ms (12) (avg:0)
/obj/machinery/door/airlock/security => 0ms (12) (avg:0)
/obj/structure/closet/body_bag => 0ms (12) (avg:0)
/obj/item/storage/box/flashbangs => 0ms (11) (avg:0)
/obj/machinery/computer/communications => 0ms (11) (avg:0)
/obj/structure/closet/secure_closet/personal/cabinet => 0ms (11) (avg:0)
/obj/machinery/modular_computer/console/preset/engineering => 0ms (11) (avg:0)
/obj/machinery/door/airlock/titanium => 0ms (11) (avg:0)
/mob/living/simple_animal/hostile/handy/protectron => 0ms (10) (avg:0)
/obj/item/gun/ballistic/automatic/wt550 => 0ms (10) (avg:0)
/turf/open/floor/plating/f13/outside/desert => 0ms (10) (avg:0)
/obj/item/storage/box/beakers => 0ms (10) (avg:0)
/obj/structure/closet/crate/secure/weapon => 0ms (9) (avg:0)
/obj/item/stock_parts/cell/upgraded => 0ms (9) (avg:0)
/turf/open/floor/circuit/red => 0ms (9) (avg:0)
/turf/open/floor/circuit => 0ms (9) (avg:0)
/obj/item/storage/box/ingredients/italian => 0ms (9) (avg:0)
/obj/item/storage/box/ingredients/wildcard => 0ms (9) (avg:0)
/obj/item/reagent_containers/glass/bottle/blackpowder => 0ms (9) (avg:0)
/obj/item/gun/ballistic/automatic/smg10mm => 0ms (9) (avg:0)
/obj/item/storage/box/bodybags => 0ms (9) (avg:0)
/obj/structure/table/wood/fancy/black => 0ms (9) (avg:0)
/obj/machinery/door/airlock/shuttle => 0ms (9) (avg:0)
/obj/item/clothing/shoes/f13/explorer => 0ms (9) (avg:0)
/turf/open/floor/plasteel/goonplaque => 0ms (8) (avg:0)
/obj/item/storage/crayons => 0ms (8) (avg:0)
/obj/item/dice => 0ms (8) (avg:0)
/obj/structure/closet/abductor => 0ms (8) (avg:0)
/obj/item/storage/box/ingredients/carnivore => 0ms (8) (avg:0)
/obj/item/reagent_containers/food/snacks/lollipop => 0ms (8) (avg:0)
/obj/item/gun/energy/laser/pistol => 0ms (8) (avg:0)
/obj/machinery/computer/rdconsole/core/bos => 0ms (8) (avg:0)
/obj/structure/window/fulltile => 0ms (8) (avg:0)
/turf/open/floor/f13/wood => 0ms (8) (avg:0)
/obj/structure/closet/emcloset => 0ms (7) (avg:0)
/obj/item/disk/plantgene => 0ms (7) (avg:0)
/obj/item/gun/energy/laser/practice => 0ms (7) (avg:0)
/obj/item/dildo => 0ms (7) (avg:0)
/obj/item/storage/box/ingredients/vegetarian => 0ms (7) (avg:0)
/turf/open/floor/plasteel/f13/vault_floor/yellow => 0ms (7) (avg:0)
/obj/machinery/door/airlock/freezer => 0ms (7) (avg:0)
/obj/machinery/door/airlock/medical/glass => 0ms (7) (avg:0)
/obj/structure/table/reinforced/brass => 0ms (7) (avg:0)
/obj/structure/lattice => 0ms (7) (avg:0)
/obj/structure/door_assembly/door_assembly_hatch => 0ms (6) (avg:0)
/obj/structure/closet/secure_closet/security => 0ms (6) (avg:0)
/obj/structure/closet/secure_closet/freezer/meat => 0ms (6) (avg:0)
/obj/item/reagent_containers/glass/bottle/epinephrine => 0ms (6) (avg:0)
/obj/item/reagent_containers/glass/bottle/charcoal => 0ms (6) (avg:0)
/obj/structure/closet/radiation => 0ms (6) (avg:0)
/obj/item/dice/d20 => 0ms (6) (avg:0)
/obj/machinery/computer/emergency_shuttle => 0ms (6) (avg:0)
/obj/machinery/computer/auxillary_base => 0ms (6) (avg:0)
/obj/machinery/computer/shuttle/labor => 0ms (6) (avg:0)
/obj/machinery/computer/shuttle/mining => 0ms (6) (avg:0)
/obj/machinery/computer/prisoner => 0ms (6) (avg:0)
/obj/structure/closet/syndicate/personal => 0ms (6) (avg:0)
/turf/open/floor/mineral/plastitanium => 0ms (6) (avg:0)
/obj/machinery/computer/shuttle => 0ms (6) (avg:0)
/obj/item/storage/toolbox/electrical => 0ms (6) (avg:0)
/obj/item/gun/ballistic/automatic/greasegun => 0ms (6) (avg:0)
/obj/item/storage/box/ingredients/american => 0ms (6) (avg:0)
/obj/item/storage/box/ingredients/exotic => 0ms (6) (avg:0)
/obj/machinery/light/sign => 0ms (6) (avg:0)
/obj/item/storage/box/lights/mixed => 0ms (6) (avg:0)
/obj/structure/window/reinforced/tinted/fulltile => 0ms (6) (avg:0)
/obj/structure/window/fulltile/wood => 0ms (6) (avg:0)
/obj/structure/guncase/shotgun => 0ms (5) (avg:0)
/obj/structure/closet/secure_closet/freezer/kitchen => 0ms (5) (avg:0)
/obj/item/gun/energy/ionrifle => 0ms (5) (avg:0)
/obj/item/storage/box/emps => 0ms (5) (avg:0)
/obj/machinery/computer/shuttle/ferry => 0ms (5) (avg:0)
/obj/machinery/computer/monitor/secret => 0ms (5) (avg:0)
/obj/machinery/computer/shuttle/white_ship => 0ms (5) (avg:0)
/obj/item/gun/ballistic/automatic/ar => 0ms (5) (avg:0)
/obj/machinery/modular_computer/console/preset/command => 0ms (5) (avg:0)
/obj/machinery/computer/arcade/orion_trail => 0ms (5) (avg:0)
/obj/machinery/computer/telecrystals/uplinker => 0ms (5) (avg:0)
/obj/structure/closet/fridge/meat => 0ms (5) (avg:0)
/obj/structure/closet/boxinggloves => 0ms (5) (avg:0)
/obj/structure/closet/fridge/standard => 0ms (5) (avg:0)
/obj/machinery/light/fo13colored/Pink => 0ms (5) (avg:0)
/obj/item/reagent_containers/glass/bottle/FEV_solution => 0ms (5) (avg:0)
/obj/item/defibrillator => 0ms (5) (avg:0)
/turf/open/floor/plasteel/caution => 0ms (5) (avg:0)
/obj/machinery/atmospherics/pipe/manifold/supply/hidden => 0ms (5) (avg:0)
/turf/closed/wall/f13 => 0ms (5) (avg:0)
/turf/closed/wall/mineral/titanium/nodiagonal => 0ms (5) (avg:0)
/obj/structure/closet/secure_closet/freezer/fridge => 0ms (4) (avg:0)
/obj/item/gun/ballistic/automatic/pistol => 0ms (4) (avg:0)
/obj/item/dice/d10 => 0ms (4) (avg:0)
/obj/item/gun/energy/laser/wattz/magneto => 0ms (4) (avg:0)
/obj/item/stock_parts/cell/pulse/carbine => 0ms (4) (avg:0)
/obj/item/gun/energy/pulse/carbine/loyalpin => 0ms (4) (avg:0)
/obj/structure/closet/wardrobe/cargotech => 0ms (4) (avg:0)
/obj/item/storage/box/alienhandcuffs => 0ms (4) (avg:0)
/obj/machinery/computer/camera_advanced/abductor => 0ms (4) (avg:0)
/obj/machinery/light/lampost => 0ms (4) (avg:0)
/obj/item/storage/box/ingredients/sweets => 0ms (4) (avg:0)
/obj/item/storage/toolbox/drone => 0ms (4) (avg:0)
/obj/item/storage/box/ingredients/fruity => 0ms (4) (avg:0)
/turf/open/indestructible/ground/outside/road => 0ms (4) (avg:0)
/obj/item/reagent_containers/glass/beaker/waterbottle => 0ms (4) (avg:0)
/obj/item/storage/box/pillbottles => 0ms (4) (avg:0)
/obj/structure/guncase => 0ms (4) (avg:0)
/turf/open/floor/plasteel/f13/vault_floor/red => 0ms (4) (avg:0)
/turf/open/floor/wood/f13/old => 0ms (4) (avg:0)
/obj/item/weldingtool/largetank => 0ms (4) (avg:0)
/obj/machinery/door/airlock/command/glass => 0ms (4) (avg:0)
/obj/machinery/door/airlock/science/glass => 0ms (4) (avg:0)
/turf/closed/wall/mineral/titanium/interior => 0ms (4) (avg:0)
/obj/structure/falsewall/reinforced => 0ms (4) (avg:0)
/turf/closed/wall/r_wall/f13composite => 0ms (4) (avg:0)
/turf/closed/wall/mineral/plastitanium/nodiagonal => 0ms (4) (avg:0)
/obj/machinery/power/smes => 0ms (4) (avg:0)
/turf/closed/wall/f13/wood/house => 0ms (4) (avg:0)
/mob/living/simple_animal/hostile/handy/sentrybot => 0ms (3) (avg:0)
/obj/structure/guncase/ecase => 0ms (3) (avg:0)
/obj/item/storage/box/zipties => 0ms (3) (avg:0)
/obj/item/gun/energy/e_gun => 0ms (3) (avg:0)
/obj/item/storage/box/teargas => 0ms (3) (avg:0)
/obj/item/dice/d4 => 0ms (3) (avg:0)
/obj/item/dice/d6 => 0ms (3) (avg:0)
/obj/item/dice/d8 => 0ms (3) (avg:0)
/obj/item/dice/d12 => 0ms (3) (avg:0)
/obj/item/gun/ballistic/automatic/pistol/deagle => 0ms (3) (avg:0)
/obj/machinery/atmospherics/components/binary/passive_gate => 0ms (3) (avg:0)
/obj/item/storage/box/mousetraps => 0ms (3) (avg:0)
/obj/structure/closet/cardboard/metal => 0ms (3) (avg:0)
/obj/structure/closet/cardboard => 0ms (3) (avg:0)
/obj/machinery/computer/shuttle/northbunkerelevator => 0ms (3) (avg:0)
/obj/item/reagent_containers/honeycomb => 0ms (3) (avg:0)
/obj/item/storage/box/ingredients/grains => 0ms (3) (avg:0)
/obj/item/storage/box/ingredients/delights => 0ms (3) (avg:0)
/obj/machinery/computer/shuttle/bunkerelevator => 0ms (3) (avg:0)
/obj/item/storage/box/lights => 0ms (3) (avg:0)
/obj/item/gun/ballistic/automatic/marksman => 0ms (3) (avg:0)
/obj/item/gun/energy/laser/plasma/pistol => 0ms (3) (avg:0)
/obj/item/gun/ballistic/automatic/rangemaster => 0ms (3) (avg:0)
/obj/machinery/door/airlock/vault => 0ms (3) (avg:0)
/obj/machinery/atmospherics/pipe/manifold/supply/visible => 0ms (3) (avg:0)
/turf/open/floor/plasteel/blue/corner => 0ms (2) (avg:0)
/obj/structure/tank_dispenser/oxygen => 0ms (2) (avg:0)
/obj/item/storage/box/firingpins => 0ms (2) (avg:0)
/obj/structure/closet/secure_closet/ertMed => 0ms (2) (avg:0)
/obj/item/defibrillator/compact/combat/loaded => 0ms (2) (avg:0)
/obj/structure/closet/secure_closet/ertSec => 0ms (2) (avg:0)
/obj/item/storage/box/flashes => 0ms (2) (avg:0)
/obj/item/gun/energy/laser/captain => 0ms (2) (avg:0)
/obj/item/gun/ballistic/automatic/m72 => 0ms (2) (avg:0)
/obj/structure/closet/secure_closet/ertEngi => 0ms (2) (avg:0)
/obj/item/storage/box/metalfoam => 0ms (2) (avg:0)
/obj/item/gps/internal/base => 0ms (2) (avg:0)
/obj/item/storage/toolbox/emergency => 0ms (2) (avg:0)
/obj/machinery/computer/security/mining => 0ms (2) (avg:0)
/obj/machinery/computer/arcade => 0ms (2) (avg:0)
/obj/machinery/computer/arcade/battle => 0ms (2) (avg:0)
/obj/machinery/gibber => 0ms (2) (avg:0)
/obj/machinery/computer/camera_advanced => 0ms (2) (avg:0)
/obj/machinery/computer/telecomms/monitor => 0ms (2) (avg:0)
/obj/machinery/computer/telecomms/server => 0ms (2) (avg:0)
/obj/machinery/computer/message_monitor => 0ms (2) (avg:0)
/obj/structure/closet/fridge/cannibal => 0ms (2) (avg:0)
/obj/item/storage/box/ingredients/fiesta => 0ms (2) (avg:0)
/obj/structure/closet/athletic_mixed => 0ms (2) (avg:0)
/obj/structure/necropolis_gate => 0ms (2) (avg:0)
/obj/item/gun/energy/laser/scatter => 0ms (2) (avg:0)
/obj/machinery/light/oasis_sign => 0ms (2) (avg:0)
/turf/open/floor/plasteel/darkpurple/side => 0ms (2) (avg:0)
/obj/item/pda/syndicate => 0ms (2) (avg:0)
/obj/item/gun/ballistic/automatic/assault_rifle/infiltrator => 0ms (2) (avg:0)
/obj/item/gun/ballistic/automatic/assault_rifle => 0ms (2) (avg:0)
/obj/item/storage/box/masks => 0ms (2) (avg:0)
/obj/item/reagent_containers/blood/APlus => 0ms (2) (avg:0)
/obj/structure/fireaxecabinet => 0ms (2) (avg:0)
/obj/item/gun/energy/laser/plasma/glock => 0ms (2) (avg:0)
/obj/item/storage/belt/utility/full/engi => 0ms (2) (avg:0)
/obj/machinery/light/kebab => 0ms (2) (avg:0)
/obj/machinery/portable_atmospherics/canister/oxygen => 0ms (2) (avg:0)
/obj/machinery/power/smes/magical => 0ms (2) (avg:0)
/obj/item/kitchen/knife/combat/survival => 0ms (2) (avg:0)
/obj/item/clothing/under/f13/followers => 0ms (2) (avg:0)
/mob/living/simple_animal/hostile/handy/sentrybot/playable => 0ms (2) (avg:0)
/obj/item/clothing/mask/surgical => 0ms (2) (avg:0)
/obj/item/clothing/head/helmet/f13/raider => 0ms (2) (avg:0)
/obj/item/clothing/suit/armor/f13/raider/supafly => 0ms (2) (avg:0)
/obj/machinery/am_shielding => 0ms (2) (avg:0)
/obj/structure/chair/comfy/shuttle => 0ms (2) (avg:0)
/obj/machinery/chem_dispenser/drinks/beer => 0ms (2) (avg:0)
/obj/item/clothing/under/f13/vault13 => 0ms (2) (avg:0)
/obj/machinery/portable_atmospherics/canister/air => 0ms (1) (avg:0)
/obj/structure/chair/e_chair => 0ms (1) (avg:0)
/obj/structure/tank_dispenser/plasma => 0ms (1) (avg:0)
/obj/vehicle/ridden/space/speedbike => 0ms (1) (avg:0)
/obj/vehicle/ridden/space/speedbike/red => 0ms (1) (avg:0)
/obj/vehicle/ridden/space/speedwagon => 0ms (1) (avg:0)
/obj/structure/closet/gimmick/tacticool => 0ms (1) (avg:0)
/obj/structure/closet/gimmick/russian => 0ms (1) (avg:0)
/obj/structure/closet/syndicate/resources/everything => 0ms (1) (avg:0)
/obj/structure/closet/secure_closet/security/sec => 0ms (1) (avg:0)
/obj/structure/closet/secure_closet/warden => 0ms (1) (avg:0)
/obj/vehicle/ridden/janicart/upgraded => 0ms (1) (avg:0)
/obj/structure/closet/firecloset/full => 0ms (1) (avg:0)
/obj/structure/closet/wardrobe/mixed => 0ms (1) (avg:0)
/obj/structure/closet/secure_closet/tac => 0ms (1) (avg:0)
/obj/structure/closet/secure_closet/armory2 => 0ms (1) (avg:0)
/obj/structure/closet/secure_closet/armory3 => 0ms (1) (avg:0)
/obj/machinery/shuttle_manipulator => 0ms (1) (avg:0)
/obj/item/gun/energy/e_gun/stun => 0ms (1) (avg:0)
/obj/item/gun/energy/pulse/pistol/m1911 => 0ms (1) (avg:0)
/obj/structure/closet/secure_closet/ertCom => 0ms (1) (avg:0)
/obj/structure/closet/secure_closet/quartermaster => 0ms (1) (avg:0)
/obj/structure/closet/chefcloset => 0ms (1) (avg:0)
/obj/structure/closet/secure_closet/hydroponics => 0ms (1) (avg:0)
/obj/item/storage/box/disks_plantgene => 0ms (1) (avg:0)
/obj/machinery/modular_computer/console/preset/research => 0ms (1) (avg:0)
/obj/machinery/computer/libraryconsole/bookmanagement => 0ms (1) (avg:0)
/obj/machinery/computer/telecrystals/boss => 0ms (1) (avg:0)
/obj/item/paicard => 0ms (1) (avg:0)
/obj/machinery/computer/shuttle/syndicate/recall => 0ms (1) (avg:0)
/obj/item/disk/data => 0ms (1) (avg:0)
/obj/machinery/computer/atmos_alert => 0ms (1) (avg:0)
/obj/machinery/computer/station_alert => 0ms (1) (avg:0)
/obj/machinery/gravity_generator/part => 0ms (1) (avg:0)
/obj/item/gun/energy/e_gun/mini/practice_phaser => 0ms (1) (avg:0)
/obj/structure/closet/wardrobe/white => 0ms (1) (avg:0)
/obj/item/lighter/greyscale => 0ms (1) (avg:0)
/obj/item/storage/box/prisoner => 0ms (1) (avg:0)
/obj/machinery/light/chiken_ranch => 0ms (1) (avg:0)
/obj/item/stack/ore/iron => 0ms (1) (avg:0)
/obj/item/pda/heads/hos => 0ms (1) (avg:0)
/turf/open/floor/plasteel/vault/side => 0ms (1) (avg:0)
/obj/structure/closet/secure_closet/contraband/armory => 0ms (1) (avg:0)
/obj/item/pda/warden => 0ms (1) (avg:0)
/obj/item/storage/box/fountainpens => 0ms (1) (avg:0)
/obj/item/integrated_electronics/detailer => 0ms (1) (avg:0)
/obj/item/construction/rcd => 0ms (1) (avg:0)
/obj/item/pda/heads/cmo => 0ms (1) (avg:0)
/obj/item/folder/documents => 0ms (1) (avg:0)
/obj/item/folder/syndicate/red => 0ms (1) (avg:0)
/obj/item/pda/captain => 0ms (1) (avg:0)
/obj/item/storage/box/evidence => 0ms (1) (avg:0)
/obj/item/gun/energy/gammagun => 0ms (1) (avg:0)
/obj/item/gun/ballistic/automatic/marksman/sniper/gold => 0ms (1) (avg:0)
/obj/item/storage/box/citizenship_permits => 0ms (1) (avg:0)
/obj/structure/closet/secure_closet/freezer/kitchen/maintenance => 0ms (1) (avg:0)
/obj/item/pda/quartermaster => 0ms (1) (avg:0)
/obj/structure/closet/toolcloset => 0ms (1) (avg:0)
/obj/item/pda/lawyer => 0ms (1) (avg:0)
/turf/open/floor/plasteel/f13/vault_floor/yellow/whiteyellowfull => 0ms (1) (avg:0)
/obj/item/storage/box/PDAs => 0ms (1) (avg:0)
/obj/item/gun/ballistic/automatic/toy => 0ms (1) (avg:0)
/obj/item/gun/ballistic/automatic/m1garand/oldglory => 0ms (1) (avg:0)
/obj/item/gun/ballistic/automatic/pistol/ninemil/maria => 0ms (1) (avg:0)
/obj/item/reagent_containers/blood/universal => 0ms (1) (avg:0)
/obj/machinery/computer => 0ms (1) (avg:0)
/obj/machinery/gibber/autogibber => 0ms (1) (avg:0)
/obj/item/defibrillator/compact/loaded => 0ms (1) (avg:0)
/obj/structure/closet/secure_closet/medical2 => 0ms (1) (avg:0)
/obj/machinery/computer/shuttle/miningelevator => 0ms (1) (avg:0)
/area/tdome/arena => 0ms (1) (avg:0)
/area/syndicate_mothership => 0ms (1) (avg:0)
/area/ctf => 0ms (1) (avg:0)
/area/awaymission/errorroom => 0ms (1) (avg:0)
/area/tdome/arena_source => 0ms (1) (avg:0)
/area/abductor_ship => 0ms (1) (avg:0)
/area/holodeck/rec_center/refuel => 0ms (1) (avg:0)
/area/holodeck/rec_center/spacechess => 0ms (1) (avg:0)
/area/holodeck/rec_center/thunderdome1218 => 0ms (1) (avg:0)
/area/holodeck/rec_center/kobayashi => 0ms (1) (avg:0)
/area/holodeck/rec_center/chapelcourt => 0ms (1) (avg:0)
/area/holodeck/rec_center/school => 0ms (1) (avg:0)
/area/holodeck/rec_center/firingrange => 0ms (1) (avg:0)
/area/fabric_of_reality => 0ms (1) (avg:0)
/area/ai_multicam_room => 0ms (1) (avg:0)
/area/holodeck/rec_center/anthophila => 0ms (1) (avg:0)
/area/holodeck/rec_center/pet_lounge => 0ms (1) (avg:0)
/area/holodeck/rec_center/medical => 0ms (1) (avg:0)
/area/holodeck/rec_center/basketball => 0ms (1) (avg:0)
/area/holodeck/rec_center/beach => 0ms (1) (avg:0)
/area/holodeck/rec_center/thunderdome => 0ms (1) (avg:0)
/area/holodeck/rec_center/dodgeball => 0ms (1) (avg:0)
/area/start => 0ms (1) (avg:0)
/area/holodeck/rec_center/winterwonderland => 0ms (1) (avg:0)
/area/holodeck/rec_center/bunker => 0ms (1) (avg:0)
/area/holodeck/rec_center/lounge => 0ms (1) (avg:0)
/area/holodeck/rec_center/wildlife => 0ms (1) (avg:0)
/area/holodeck/rec_center/offline => 0ms (1) (avg:0)
/area/holodeck/rec_center/burn => 0ms (1) (avg:0)
/area/holodeck/rec_center/court => 0ms (1) (avg:0)
/area/space => 0ms (1) (avg:0)
/obj/machinery/door/airlock/research => 0ms (1) (avg:0)
/obj/machinery/door/airlock/highsecurity => 0ms (1) (avg:0)
/obj/item/gun/energy/ionrifle/carbine => 0ms (1) (avg:0)
/obj/item/gun/energy/laser/aer14 => 0ms (1) (avg:0)
/obj/item/gun/ballistic/automatic/assault_carbine => 0ms (1) (avg:0)
/obj/item/gun/energy/laser/rcw => 0ms (1) (avg:0)
/obj/item/gun/ballistic/automatic/pistol/deagle/camo => 0ms (1) (avg:0)
/obj/item/storage/fancy/cigarettes/cigars => 0ms (1) (avg:0)
/obj/item/gun/ballistic/automatic/autopipe => 0ms (1) (avg:0)
/obj/item/dice/d00 => 0ms (1) (avg:0)
/obj/item/storage/fancy/cigarettes/cigpack_cannabis => 0ms (1) (avg:0)
/obj/item/grenade/iedcasing => 0ms (1) (avg:0)
/obj/item/gun/ballistic/automatic/shotgun/riot => 0ms (1) (avg:0)
/obj/item/gun/ballistic/automatic/marksman/sniper => 0ms (1) (avg:0)
/obj/item/gun/ballistic/automatic/shotgun/bulldog => 0ms (1) (avg:0)
/obj/item/gun/ballistic/automatic/marksman/servicerifle/r82 => 0ms (1) (avg:0)
/obj/item/reagent_containers/glass/bottle/nutrient/rh => 0ms (1) (avg:0)
/obj/item/gun/ballistic/automatic/m1garand => 0ms (1) (avg:0)
/obj/structure/falsewall => 0ms (1) (avg:0)
/obj/machinery/computer/shuttle/bos => 0ms (1) (avg:0)
/obj/machinery/computer/shuttle/ferry/request => 0ms (1) (avg:0)
/obj/machinery/computer/shuttle/syndicate/drop_pod => 0ms (1) (avg:0)
/obj/structure/closet/syndicate/nuclear => 0ms (1) (avg:0)
/obj/item/storage/toolbox/syndicate => 0ms (1) (avg:0)
/obj/machinery/computer/med_data/syndie => 0ms (1) (avg:0)
/obj/machinery/computer/crew/syndie => 0ms (1) (avg:0)
/obj/machinery/computer/camera_advanced/shuttle_docker/syndicate => 0ms (1) (avg:0)
/obj/machinery/computer/shuttle/syndicate => 0ms (1) (avg:0)
/obj/machinery/computer/camera_advanced/syndie => 0ms (1) (avg:0)
/obj/machinery/computer/secure_data/syndie => 0ms (1) (avg:0)
/obj/structure/window/fulltile/wood_window => 0ms (1) (avg:0)
/turf/closed/wall/f13/tunnel => 0ms (1) (avg:0)
/obj/item/clothing/glasses/sunglasses/big => 0ms (1) (avg:0)
/obj/item/clothing/suit/armor/vest/old => 0ms (1) (avg:0)
/obj/machinery/chem_dispenser => 0ms (1) (avg:0)
/obj/item/clothing/under/f13/bodyguard => 0ms (1) (avg:0)
/obj/item/reagent_containers/food/snacks/f13/cram => 0ms (1) (avg:0)
/obj/item/card/id/captains_spare => 0ms (1) (avg:0)
/obj/item/card/id/silver => 0ms (1) (avg:0)
/obj/item/bedsheet => 0ms (1) (avg:0)
/obj/item/storage/backpack/satchel/med => 0ms (1) (avg:0)
/obj/item/clothing/suit/armor/f13/metalarmor => 0ms (1) (avg:0)
/obj/item/clothing/head/helmet/knight/fluff/metal => 0ms (1) (avg:0)
/obj/item/clothing/under/redeveninggown => 0ms (1) (avg:0)
/obj/item/storage/box/ids => 0ms (1) (avg:0)
/obj/item/gun/ballistic/automatic/pistol/n99/executive => 0ms (1) (avg:0)
/obj/item/broken_bottle => 0ms (1) (avg:0)
/obj/item/shard => 0ms (1) (avg:0)
/obj/item/kitchen/knife/butcher => 0ms (1) (avg:0)
/obj/item/clothing/shoes/jackboots => 0ms (1) (avg:0)
/obj/item/bodypart/r_arm => 0ms (1) (avg:0)
/obj/item/clothing/suit/hooded/wintercoat/cargo => 0ms (1) (avg:0)
