[2020-08-27 23:39:47.267] SQL: Failed to connect to database while loading admins. Loading from backup.
[2020-08-27 23:39:47.270] SQL: not connected | Query used: INSERT INTO admin_ranks
 - (rank, flags, exclude_flags, can_edit_flags)
 - VALUES
 - 	('', , , ),
 - 	('', , , ),
 - 	('', , , ),
 - 	('', , , ),
 - 	('', , , ),
 - 	('', , , ),
 - 	('', , , ),
 - 	('', , , ),
 - 	('', , , ),
 - 	('', , , ),
 - 	('', , , ),
 - 	('', , , ),
 - 	('', , , ),
 - 	('', , , ),
 - 	('', , , ),
 - 	('', , , ),
 - 	('', , , ),
 - 	('', , , ),
 - 	('', , , ),
 - 	('', , , ),
 - 	('', , , ),
 - 	('', , , )
 - ON DUPLICATE KEY UPDATE rank = VALUES(rank), flags = VALUES(flags), exclude_flags = VALUES(exclude_flags), can_edit_flags = VALUES(can_edit_flags)
 - 
[2020-08-27 23:39:47.274] SQL: not connected | Query used: SELECT ckey, rank FROM admin ORDER BY rank
[2020-08-27 23:39:47.274] SQL: Error loading admins from database. Loading from backup.
[2020-08-28 04:33:39.730] SQL: Failed to connect to database while loading admins. Loading from backup.
[2020-08-28 04:33:39.748] SQL: not connected | Query used: SELECT ckey, rank FROM admin ORDER BY rank
[2020-08-28 04:33:39.749] SQL: Error loading admins from database. Loading from backup.
