[2020-08-27 16:56:56.841] Starting up round ID .
 - -------------------------
[2020-08-27 17:00:38.971] ATTACK: Centaur fired at giant radscorpion with The spit from Bunker (NEWHP: 150) (53,242,4)
[2020-08-27 17:00:38.977] ATTACK: mother deathclaw attacked molerat (NEWHP: 25) (18,119,3)
[2020-08-27 17:00:39.000] ATTACK: super mutant fired at feral ghoul reaver with The bullet from Wasteland (NEWHP: 100) (155,222,2)
[2020-08-27 17:00:39.002] ATTACK: protectron fired at feral ghoul with The laser beam from Bunker (NEWHP: 40) (138,241,2)
[2020-08-27 17:00:39.006] ATTACK: protectron fired at feral ghoul with The laser beam from Bunker (NEWHP: 40) (138,241,2)
[2020-08-27 17:00:39.174] ATTACK: protectron shot feral ghoul with The laser beam (NEWHP: 12) (138,238,2)
[2020-08-27 17:00:39.273] ATTACK: super mutant shot feral ghoul reaver with The bullet (NEWHP: 54) (154,223,2)
[2020-08-27 17:00:41.022] ATTACK: giant radscorpion attacked super mutant (NEWHP: 300) (50,246,4)
[2020-08-27 17:00:41.026] ATTACK: super mutant attacked giant radscorpion (NEWHP: 150) (50,245,4)
[2020-08-27 17:00:41.028] ATTACK: super mutant attacked giant radscorpion (NEWHP: 105) (50,245,4)
[2020-08-27 17:00:41.032] ATTACK: deathclaw attacked molerat (NEWHP: 25) (27,120,3)
[2020-08-27 17:00:41.051] ATTACK: feral dog attacked gecko (NEWHP: 40) (217,169,2)
[2020-08-27 17:00:41.056] ATTACK: gecko attacked feral dog (NEWHP: 60) (217,168,2)
[2020-08-27 17:00:41.069] ATTACK: feral ghoul attacked mr. handy (NEWHP: 160) (85,199,2)
[2020-08-27 17:00:41.071] ATTACK: feral ghoul attacked mr. handy (NEWHP: 150) (85,199,2)
[2020-08-27 17:00:41.072] ATTACK: mr. handy attacked feral ghoul (NEWHP: 40) (84,199,2)
[2020-08-27 17:00:41.074] ATTACK: feral ghoul reaver attacked super mutant (NEWHP: 400) (154,229,2)
[2020-08-27 17:00:41.076] ATTACK: super mutant attacked feral ghoul reaver (NEWHP: 54) (153,228,2)
[2020-08-27 17:00:41.079] ATTACK: protectron attacked feral ghoul (NEWHP: 40) (138,239,2)
[2020-08-27 17:00:41.085] ATTACK: feral ghoul attacked protectron (NEWHP: 160) (138,238,2)
[2020-08-27 17:00:43.069] ATTACK: giant radscorpion attacked super mutant (NEWHP: 265) (50,246,4)
[2020-08-27 17:00:43.071] ATTACK: super mutant attacked giant radscorpion (NEWHP: 44) (50,245,4)
[2020-08-27 17:00:43.089] ATTACK: feral dog attacked gecko (NEWHP: 20) (217,169,2)
[2020-08-27 17:00:43.092] ATTACK: feral ghoul attacked mr. handy (NEWHP: 140) (85,199,2)
[2020-08-27 17:00:43.094] ATTACK: feral ghoul attacked mr. handy (NEWHP: 130) (85,199,2)
[2020-08-27 17:00:43.096] ATTACK: mr. handy attacked feral ghoul (NEWHP: 40) (86,199,2)
[2020-08-27 17:00:43.099] ATTACK: protectron attacked feral ghoul (NEWHP: 33) (138,237,2)
[2020-08-27 17:00:43.102] ATTACK: protectron fired at feral ghoul with The laser beam from Bunker (NEWHP: 26) (138,237,2)
[2020-08-27 17:00:43.106] ATTACK: feral ghoul attacked protectron (NEWHP: 150) (138,236,2)
[2020-08-27 17:00:45.135] ATTACK: feral ghoul attacked mr. handy (NEWHP: 120) (85,199,2)
[2020-08-27 17:00:45.137] ATTACK: feral ghoul attacked mr. handy (NEWHP: 110) (85,199,2)
[2020-08-27 17:00:45.140] ATTACK: mr. handy attacked feral ghoul (NEWHP: 12) (86,199,2)
[2020-08-27 17:00:45.142] ATTACK: protectron attacked feral ghoul (NEWHP: 26) (136,236,2)
[2020-08-27 17:00:45.144] ATTACK: feral ghoul attacked protectron (NEWHP: 140) (135,236,2)
[2020-08-27 17:00:45.149] ATTACK: feral ghoul attacked protectron (NEWHP: 130) (135,236,2)
[2020-08-27 17:00:47.131] ATTACK: feral ghoul attacked mr. handy (NEWHP: 100) (85,199,2)
[2020-08-27 17:00:47.133] ATTACK: mr. handy attacked feral ghoul (NEWHP: 12) (84,199,2)
[2020-08-27 17:00:47.135] ATTACK: protectron fired at feral ghoul with The laser beam from Bunker (NEWHP: 21) (135,238,2)
[2020-08-27 17:00:47.221] ATTACK: protectron shot feral ghoul with The laser beam (NEWHP: 0) (135,239,2)
[2020-08-27 17:00:49.134] ATTACK: protectron attacked feral ghoul (NEWHP: 21) (135,239,2)
[2020-08-27 17:00:49.136] ATTACK: feral ghoul attacked protectron (NEWHP: 120) (135,240,2)
[2020-08-27 17:00:51.134] ATTACK: protectron fired at feral ghoul with The laser beam from Bunker (NEWHP: 16) (135,242,2)
[2020-08-27 17:00:53.131] ATTACK: protectron attacked feral ghoul (NEWHP: 16) (136,242,2)
[2020-08-27 17:00:53.134] ATTACK: feral ghoul attacked protectron (NEWHP: 110) (137,242,2)
[2020-08-27 17:00:55.133] ATTACK: protectron attacked feral ghoul (NEWHP: 9) (139,241,2)
[2020-08-27 17:00:57.374] ATTACK: feral ghoul attacked giant radscorpion (NEWHP: 150) (121,242,2)
[2020-08-27 17:00:57.416] ATTACK: giant radscorpion attacked feral ghoul (NEWHP: 40) (122,241,2)
[2020-08-27 17:01:00.553] ATTACK: feral ghoul attacked giant radscorpion (NEWHP: 140) (121,242,2)
[2020-08-27 17:01:00.588] ATTACK: giant radscorpion attacked feral ghoul (NEWHP: 5) (122,241,2)
[2020-08-27 17:01:11.073] ATTACK: super mutant attacked giant radscorpion (NEWHP: 150) (39,244,4)
[2020-08-27 17:01:13.114] ATTACK: giant radscorpion attacked super mutant (NEWHP: 300) (38,246,4)
[2020-08-27 17:01:13.118] ATTACK: super mutant attacked giant radscorpion (NEWHP: 101) (39,245,4)
[2020-08-27 17:01:15.119] ATTACK: giant radscorpion attacked super mutant (NEWHP: 265) (38,246,4)
[2020-08-27 17:01:15.121] ATTACK: super mutant attacked giant radscorpion (NEWHP: 55) (39,245,4)
